2015-06-30 00:00:36 | ::1 | /cheetah_admin/index.php |imgs模块不存在
2015-06-30 00:00:36 | ::1 | /cheetah_admin/index.php |imgs模块不存在
2015-06-30 00:00:36 | ::1 | /cheetah_admin/index.php |order-form模块不存在
2015-06-30 00:00:36 | ::1 | /cheetah_admin/index.php |user-form模块不存在
2015-06-30 00:00:37 | ::1 | /cheetah_admin/index.php |css模块不存在
2015-06-30 08:08:25 | ::1 | /cheetah_admin/index.php |imgs模块不存在
2015-06-30 08:08:26 | ::1 | /cheetah_admin/index.php |imgs模块不存在
2015-06-30 08:08:26 | ::1 | /cheetah_admin/index.php |order-form模块不存在
2015-06-30 08:08:26 | ::1 | /cheetah_admin/index.php |user-form模块不存在
2015-06-30 08:08:26 | ::1 | /cheetah_admin/index.php |css模块不存在
2015-06-30 08:11:19 | ::1 | /cheetah_admin/index.php |imgs模块不存在
2015-06-30 08:11:19 | ::1 | /cheetah_admin/index.php |order-form模块不存在
2015-06-30 08:11:19 | ::1 | /cheetah_admin/index.php |user-form模块不存在
2015-06-30 08:11:19 | ::1 | /cheetah_admin/index.php |imgs模块不存在
2015-06-30 08:11:19 | ::1 | /cheetah_admin/index.php |css模块不存在
2015-06-30 08:11:23 | ::1 | /cheetah_admin/index.php |css模块不存在
2015-06-30 08:20:57 | ::1 | /cheetah_admin/index.php |css模块不存在
2015-06-30 08:21:18 | ::1 | /cheetah_admin/index.php |css模块不存在
2015-06-30 08:51:30 | ::1 | /cheetah_admin/index.php |imgs模块不存在
2015-06-30 08:51:30 | ::1 | /cheetah_admin/index.php |imgs模块不存在
2015-06-30 08:51:30 | ::1 | /cheetah_admin/index.php |order-form模块不存在
2015-06-30 08:51:30 | ::1 | /cheetah_admin/index.php |user-form模块不存在
2015-06-30 08:52:36 | ::1 | /cheetah_admin/index.php |css模块不存在
2015-06-30 08:52:36 | ::1 | /cheetah_admin/index.php |css模块不存在
2015-06-30 08:52:41 | ::1 | /cheetah_admin/index.php |obossMod模块不存在
2015-06-30 08:52:50 | ::1 | /cheetah_admin/index.php |obossMod模块不存在
2015-06-30 08:53:44 | ::1 | /cheetah_admin/index.php |imgs模块不存在
2015-06-30 08:53:45 | ::1 | /cheetah_admin/index.php |imgs模块不存在
2015-06-30 08:53:45 | ::1 | /cheetah_admin/index.php |order-form模块不存在
2015-06-30 08:53:45 | ::1 | /cheetah_admin/index.php |user-form模块不存在
2015-06-30 08:53:45 | ::1 | /cheetah_admin/index.php |css模块不存在
2015-06-30 08:53:46 | ::1 | /cheetah_admin/index.php |css模块不存在
2015-06-30 08:54:06 | ::1 | /cheetah_admin/index.php |css模块不存在
2015-06-30 08:54:06 | ::1 | /cheetah_admin/index.php |css模块不存在
2015-06-30 08:57:31 | ::1 | /cheetah_admin/index.php |imgs模块不存在
2015-06-30 08:57:31 | ::1 | /cheetah_admin/index.php |imgs模块不存在
2015-06-30 08:57:31 | ::1 | /cheetah_admin/index.php |order-form模块不存在
2015-06-30 08:57:31 | ::1 | /cheetah_admin/index.php |user-form模块不存在
2015-06-30 08:57:31 | ::1 | /cheetah_admin/index.php |css模块不存在
2015-06-30 08:57:37 | ::1 | /cheetah_admin/index.php |css模块不存在
2015-06-30 08:57:37 | ::1 | /cheetah_admin/index.php |css模块不存在
2015-06-30 08:57:45 | ::1 | /cheetah_admin/index.php |css模块不存在
2015-06-30 08:57:45 | ::1 | /cheetah_admin/index.php |css模块不存在
2015-06-30 08:57:48 | ::1 | /cheetah_admin/index.php |css模块不存在
2015-06-30 08:57:48 | ::1 | /cheetah_admin/index.php |css模块不存在
2015-06-30 08:57:53 | ::1 | /cheetah_admin/index.php |css模块不存在
2015-06-30 08:57:53 | ::1 | /cheetah_admin/index.php |css模块不存在
2015-06-30 08:58:47 | ::1 | /cheetah_admin/index.php |css模块不存在
2015-06-30 08:58:47 | ::1 | /cheetah_admin/index.php |css模块不存在
2015-06-30 08:58:53 | ::1 | /cheetah_admin/index.php |css模块不存在
2015-06-30 08:58:53 | ::1 | /cheetah_admin/index.php |css模块不存在
2015-06-30 08:58:57 | ::1 | /cheetah_admin/index.php |css模块不存在
2015-06-30 08:59:17 | ::1 | /cheetah_admin/index.php |css模块不存在
2015-06-30 08:59:17 | ::1 | /cheetah_admin/index.php |css模块不存在
2015-06-30 08:59:21 | ::1 | /cheetah_admin/index.php |css模块不存在
2015-06-30 08:59:21 | ::1 | /cheetah_admin/index.php |css模块不存在
2015-06-30 09:23:05 | ::1 | /cheetah_admin/index.php |imgs模块不存在
2015-06-30 09:23:06 | ::1 | /cheetah_admin/index.php |imgs模块不存在
2015-06-30 09:23:06 | ::1 | /cheetah_admin/index.php |order-form模块不存在
2015-06-30 09:23:06 | ::1 | /cheetah_admin/index.php |user-form模块不存在
2015-06-30 09:23:06 | ::1 | /cheetah_admin/index.php |css模块不存在
2015-06-30 09:23:06 | ::1 | /cheetah_admin/index.php |css模块不存在
2015-06-30 09:26:32 | ::1 | /cheetah_admin/index.php |css模块不存在
2015-06-30 09:26:32 | ::1 | /cheetah_admin/index.php |css模块不存在
2015-06-30 09:26:36 | ::1 | /cheetah_admin/index.php |css模块不存在
2015-06-30 09:26:36 | ::1 | /cheetah_admin/index.php |css模块不存在
2015-06-30 09:27:02 | ::1 | /cheetah_admin/index.php |css模块不存在
2015-06-30 09:27:04 | ::1 | /cheetah_admin/index.php |css模块不存在
2015-06-30 09:27:07 | ::1 | /cheetah_admin/index.php |css模块不存在
2015-06-30 09:33:01 | ::1 | /cheetah_admin/index.php |imgs模块不存在
2015-06-30 09:33:01 | ::1 | /cheetah_admin/index.php |imgs模块不存在
2015-06-30 09:33:01 | ::1 | /cheetah_admin/index.php |order-form模块不存在
2015-06-30 09:33:01 | ::1 | /cheetah_admin/index.php |user-form模块不存在
2015-06-30 09:33:02 | ::1 | /cheetah_admin/index.php |css模块不存在
2015-06-30 09:33:02 | ::1 | /cheetah_admin/index.php |css模块不存在
2015-06-30 09:33:07 | ::1 | /cheetah_admin/index.php | MySQL Query Error<br>
					<b>SQL</b>: SELECT o_id, addr, name, phone, created, s_name, detail, pay_type, status, send_id, send_name FROM `order`  WHERE 1_id=2 and s_id=2<br>
					<b>错误详情</b>: Unknown column '1_id' in 'where clause'<br>
					<b>错误代码</b>:1054<br>
2015-06-30 09:34:10 | ::1 | /cheetah_admin/index.php |css模块不存在
2015-06-30 09:34:10 | ::1 | /cheetah_admin/index.php |css模块不存在
2015-06-30 09:34:13 | ::1 | /cheetah_admin/index.php |css模块不存在
2015-06-30 09:34:23 | ::1 | /cheetah_admin/index.php |css模块不存在
2015-06-30 09:34:25 | ::1 | /cheetah_admin/index.php |css模块不存在
2015-06-30 09:34:25 | ::1 | /cheetah_admin/index.php |css模块不存在
2015-06-30 09:34:30 | ::1 | /cheetah_admin/index.php |css模块不存在
2015-06-30 09:34:30 | ::1 | /cheetah_admin/index.php |css模块不存在
2015-06-30 09:34:33 | ::1 | /cheetah_admin/index.php |css模块不存在
2015-06-30 09:34:33 | ::1 | /cheetah_admin/index.php |css模块不存在
2015-06-30 09:34:35 | ::1 | /cheetah_admin/index.php |css模块不存在
2015-06-30 09:35:06 | ::1 | /cheetah_admin/index.php |css模块不存在
2015-06-30 09:35:08 | ::1 | /cheetah_admin/index.php |css模块不存在
2015-06-30 09:35:10 | ::1 | /cheetah_admin/index.php |css模块不存在
2015-06-30 09:35:13 | ::1 | /cheetah_admin/index.php |css模块不存在
2015-06-30 09:41:02 | ::1 | /cheetah_admin/index.php |css模块不存在
2015-06-30 09:41:11 | ::1 | /cheetah_admin/index.php |css模块不存在
2015-06-30 09:48:06 | ::1 | /cheetah_admin/index.php |imgs模块不存在
2015-06-30 09:48:06 | ::1 | /cheetah_admin/index.php |imgs模块不存在
2015-06-30 09:48:06 | ::1 | /cheetah_admin/index.php |order-form模块不存在
2015-06-30 09:48:06 | ::1 | /cheetah_admin/index.php |user-form模块不存在
2015-06-30 09:48:06 | ::1 | /cheetah_admin/index.php |css模块不存在
2015-06-30 09:48:13 | ::1 | /cheetah_admin/index.php |css模块不存在
2015-06-30 09:53:19 | ::1 | /cheetah_admin/index.php |imgs模块不存在
2015-06-30 09:53:20 | ::1 | /cheetah_admin/index.php |imgs模块不存在
2015-06-30 09:53:20 | ::1 | /cheetah_admin/index.php |order-form模块不存在
2015-06-30 09:53:20 | ::1 | /cheetah_admin/index.php |user-form模块不存在
2015-06-30 09:53:21 | ::1 | /cheetah_admin/index.php |css模块不存在
2015-06-30 09:53:22 | ::1 | /cheetah_admin/index.php |css模块不存在
2015-06-30 09:54:38 | ::1 | /cheetah_admin/index.php |imgs模块不存在
2015-06-30 09:54:39 | ::1 | /cheetah_admin/index.php |imgs模块不存在
2015-06-30 09:54:39 | ::1 | /cheetah_admin/index.php |order-form模块不存在
2015-06-30 09:54:39 | ::1 | /cheetah_admin/index.php |user-form模块不存在
2015-06-30 09:54:40 | ::1 | /cheetah_admin/index.php |css模块不存在
2015-06-30 09:54:40 | ::1 | /cheetah_admin/index.php |css模块不存在
2015-06-30 09:56:05 | ::1 | /cheetah_admin/index.php |imgs模块不存在
2015-06-30 09:56:06 | ::1 | /cheetah_admin/index.php |imgs模块不存在
2015-06-30 09:56:06 | ::1 | /cheetah_admin/index.php |order-form模块不存在
2015-06-30 09:56:06 | ::1 | /cheetah_admin/index.php |user-form模块不存在
2015-06-30 09:56:07 | ::1 | /cheetah_admin/index.php |css模块不存在
2015-06-30 09:56:07 | ::1 | /cheetah_admin/index.php |css模块不存在
2015-06-30 09:59:13 | ::1 | /cheetah_admin/index.php |imgs模块不存在
2015-06-30 09:59:14 | ::1 | /cheetah_admin/index.php |imgs模块不存在
2015-06-30 09:59:14 | ::1 | /cheetah_admin/index.php |order-form模块不存在
2015-06-30 09:59:14 | ::1 | /cheetah_admin/index.php |user-form模块不存在
2015-06-30 09:59:15 | ::1 | /cheetah_admin/index.php |css模块不存在
2015-06-30 09:59:15 | ::1 | /cheetah_admin/index.php |css模块不存在
2015-06-30 10:01:11 | ::1 | /cheetah_admin/index.php |imgs模块不存在
2015-06-30 10:01:12 | ::1 | /cheetah_admin/index.php |imgs模块不存在
2015-06-30 10:01:12 | ::1 | /cheetah_admin/index.php |order-form模块不存在
2015-06-30 10:01:12 | ::1 | /cheetah_admin/index.php |user-form模块不存在
2015-06-30 10:01:12 | ::1 | /cheetah_admin/index.php |css模块不存在
2015-06-30 10:01:12 | ::1 | /cheetah_admin/index.php |css模块不存在
2015-06-30 10:16:34 | ::1 | /cheetah_admin/index.php |imgs模块不存在
2015-06-30 10:16:34 | ::1 | /cheetah_admin/index.php |imgs模块不存在
2015-06-30 10:16:34 | ::1 | /cheetah_admin/index.php |order-form模块不存在
2015-06-30 10:16:35 | ::1 | /cheetah_admin/index.php |user-form模块不存在
2015-06-30 10:16:35 | ::1 | /cheetah_admin/index.php |css模块不存在
2015-06-30 10:16:35 | ::1 | /cheetah_admin/index.php |css模块不存在
2015-06-30 10:16:42 | ::1 | /cheetah_admin/index.php | MySQL Query Error<br>
					<b>SQL</b>: UPDATE `order` SET  `status` = '`TRADE_CLOSED`'  WHERE a_id=2 and o_id IN(`E558eac86b6bc7`)<br>
					<b>错误详情</b>: Unknown column 'E558eac86b6bc7' in 'where clause'<br>
					<b>错误代码</b>:1054<br>
2015-06-30 10:27:27 | ::1 | /cheetah_admin/index.php | MySQL Query Error<br>
					<b>SQL</b>: UPDATE `order` SET  `status` = '`TRADE_CLOSED`'  WHERE a_id=2 and o_id in (`E558eac86b6bc7`)<br>
					<b>错误详情</b>: Unknown column 'E558eac86b6bc7' in 'where clause'<br>
					<b>错误代码</b>:1054<br>
2015-06-30 10:41:23 | ::1 | /cheetah_admin/index.php |css模块不存在
2015-06-30 10:41:23 | ::1 | /cheetah_admin/index.php |css模块不存在
2015-06-30 10:42:38 | ::1 | /cheetah_admin/index.php |css模块不存在
2015-06-30 10:45:16 | ::1 | /cheetah_admin/index.php |css模块不存在
2015-06-30 10:52:06 | ::1 | /cheetah_admin/index.php |css模块不存在
2015-06-30 11:04:23 | ::1 | /cheetah_admin/index.php |imgs模块不存在
2015-06-30 11:04:24 | ::1 | /cheetah_admin/index.php |imgs模块不存在
2015-06-30 11:04:24 | ::1 | /cheetah_admin/index.php |order-form模块不存在
2015-06-30 11:04:24 | ::1 | /cheetah_admin/index.php |user-form模块不存在
2015-06-30 11:04:24 | ::1 | /cheetah_admin/index.php |css模块不存在
2015-06-30 11:04:25 | ::1 | /cheetah_admin/index.php |css模块不存在
2015-06-30 11:04:25 | ::1 | /cheetah_admin/index.php |css模块不存在
2015-06-30 11:04:32 | ::1 | /cheetah_admin/index.php |mark操作方法在oboss模块中不存在
2015-06-30 11:05:10 | ::1 | /cheetah_admin/index.php |css模块不存在
2015-06-30 11:05:10 | ::1 | /cheetah_admin/index.php |css模块不存在
2015-06-30 11:05:16 | ::1 | /cheetah_admin/index.php |css模块不存在
2015-06-30 11:05:16 | ::1 | /cheetah_admin/index.php |css模块不存在
2015-06-30 11:10:28 | ::1 | /cheetah_admin/index.php |imgs模块不存在
2015-06-30 11:10:28 | ::1 | /cheetah_admin/index.php |order-form模块不存在
2015-06-30 11:10:28 | ::1 | /cheetah_admin/index.php |imgs模块不存在
2015-06-30 11:10:28 | ::1 | /cheetah_admin/index.php |user-form模块不存在
2015-06-30 11:10:29 | ::1 | /cheetah_admin/index.php |css模块不存在
2015-06-30 11:10:32 | ::1 | /cheetah_admin/index.php |css模块不存在
2015-06-30 11:10:42 | ::1 | /cheetah_admin/index.php |css模块不存在
2015-06-30 11:10:42 | ::1 | /cheetah_admin/index.php |css模块不存在
2015-06-30 11:12:34 | ::1 | /cheetah_admin/index.php |css模块不存在
2015-06-30 11:12:34 | ::1 | /cheetah_admin/index.php |css模块不存在
2015-06-30 11:13:03 | ::1 | /cheetah_admin/index.php |css模块不存在
2015-06-30 11:13:03 | ::1 | /cheetah_admin/index.php |css模块不存在
2015-06-30 11:24:46 | ::1 | /cheetah_admin/index.php |imgs模块不存在
2015-06-30 11:24:46 | ::1 | /cheetah_admin/index.php |imgs模块不存在
2015-06-30 11:24:46 | ::1 | /cheetah_admin/index.php |order-form模块不存在
2015-06-30 11:24:46 | ::1 | /cheetah_admin/index.php |user-form模块不存在
2015-06-30 11:25:04 | ::1 | /cheetah_admin/index.php |imgs模块不存在
2015-06-30 11:25:04 | ::1 | /cheetah_admin/index.php |imgs模块不存在
2015-06-30 11:25:04 | ::1 | /cheetah_admin/index.php |order-form模块不存在
2015-06-30 11:25:04 | ::1 | /cheetah_admin/index.php |user-form模块不存在
2015-06-30 12:19:28 | ::1 | /cheetah_admin/index.php |css模块不存在
2015-06-30 12:19:30 | ::1 | /cheetah_admin/index.php |css模块不存在
2015-06-30 12:19:35 | ::1 | /cheetah_admin/index.php |css模块不存在
2015-06-30 12:19:45 | ::1 | /cheetah_admin/index.php |css模块不存在
2015-06-30 12:19:49 | ::1 | /cheetah_admin/index.php |css模块不存在
2015-06-30 12:20:19 | ::1 | /cheetah_admin/index.php |css模块不存在
2015-06-30 13:45:11 | ::1 | /cheetah_admin/index.php |oboss?status=&sd=&sc=2&brand模块不存在
2015-06-30 13:53:36 | ::1 | /cheetah_admin/index.php |css模块不存在
2015-06-30 13:53:36 | ::1 | /cheetah_admin/index.php |css模块不存在
2015-06-30 13:53:38 | ::1 | /cheetah_admin/index.php |css模块不存在
2015-06-30 13:53:40 | ::1 | /cheetah_admin/index.php |css模块不存在
2015-06-30 13:53:42 | ::1 | /cheetah_admin/index.php |css模块不存在
2015-06-30 13:53:44 | ::1 | /cheetah_admin/index.php |css模块不存在
2015-06-30 13:53:47 | ::1 | /cheetah_admin/index.php |css模块不存在
2015-06-30 13:53:48 | ::1 | /cheetah_admin/index.php |css模块不存在
2015-06-30 13:57:25 | ::1 | /cheetah_admin/index.php |css模块不存在
2015-06-30 13:58:39 | ::1 | /cheetah_admin/index.php |css模块不存在
2015-06-30 13:58:42 | ::1 | /cheetah_admin/index.php |css模块不存在
2015-06-30 14:08:12 | ::1 | /cheetah_admin/index.php |css模块不存在
2015-06-30 14:08:13 | ::1 | /cheetah_admin/index.php |css模块不存在
2015-06-30 14:08:15 | ::1 | /cheetah_admin/index.php |css模块不存在
2015-06-30 14:08:15 | ::1 | /cheetah_admin/index.php |css模块不存在
2015-06-30 15:37:08 | ::1 | /cheetah_admin/index.php |css模块不存在
2015-06-30 15:37:39 | ::1 | /cheetah_admin/index.php |css模块不存在
2015-06-30 15:37:42 | ::1 | /cheetah_admin/index.php |css模块不存在
2015-06-30 15:37:45 | ::1 | /cheetah_admin/index.php |css模块不存在
2015-06-30 15:37:49 | ::1 | /cheetah_admin/index.php |css模块不存在
2015-06-30 15:37:52 | ::1 | /cheetah_admin/index.php |css模块不存在
2015-06-30 15:37:54 | ::1 | /cheetah_admin/index.php |css模块不存在
2015-06-30 15:37:58 | ::1 | /cheetah_admin/index.php |css模块不存在
2015-06-30 15:39:01 | ::1 | /cheetah_admin/index.php |css模块不存在
2015-06-30 15:39:04 | ::1 | /cheetah_admin/index.php |css模块不存在
2015-06-30 15:39:10 | ::1 | /cheetah_admin/index.php |css模块不存在
2015-06-30 15:39:13 | ::1 | /cheetah_admin/index.php |css模块不存在
2015-06-30 15:39:20 | ::1 | /cheetah_admin/index.php |css模块不存在
2015-06-30 15:39:30 | ::1 | /cheetah_admin/index.php |css模块不存在
2015-06-30 15:39:33 | ::1 | /cheetah_admin/index.php |css模块不存在
2015-06-30 15:39:37 | ::1 | /cheetah_admin/index.php |css模块不存在
2015-06-30 15:43:35 | ::1 | /cheetah_admin/index.php |css模块不存在
2015-06-30 15:43:35 | ::1 | /cheetah_admin/index.php |css模块不存在
2015-06-30 15:44:33 | ::1 | /cheetah_admin/index.php |css模块不存在
2015-06-30 15:44:33 | ::1 | /cheetah_admin/index.php |css模块不存在
2015-06-30 15:44:43 | ::1 | /cheetah_admin/index.php |css模块不存在
2015-06-30 15:44:43 | ::1 | /cheetah_admin/index.php |css模块不存在
2015-06-30 15:45:09 | ::1 | /cheetah_admin/index.php |css模块不存在
2015-06-30 15:45:10 | ::1 | /cheetah_admin/index.php |css模块不存在
2015-06-30 15:45:46 | ::1 | /cheetah_admin/index.php |css模块不存在
2015-06-30 15:45:46 | ::1 | /cheetah_admin/index.php |css模块不存在
2015-06-30 15:46:29 | ::1 | /cheetah_admin/index.php |css模块不存在
2015-06-30 15:46:29 | ::1 | /cheetah_admin/index.php |css模块不存在
2015-06-30 15:46:33 | ::1 | /cheetah_admin/index.php |css模块不存在
2015-06-30 15:46:37 | ::1 | /cheetah_admin/index.php |css模块不存在
2015-06-30 15:46:42 | ::1 | /cheetah_admin/index.php |css模块不存在
2015-06-30 15:46:45 | ::1 | /cheetah_admin/index.php |css模块不存在
2015-06-30 15:46:47 | ::1 | /cheetah_admin/index.php |css模块不存在
2015-06-30 15:46:50 | ::1 | /cheetah_admin/index.php |css模块不存在
2015-06-30 15:46:52 | ::1 | /cheetah_admin/index.php |css模块不存在
2015-06-30 15:48:39 | ::1 | /cheetah_admin/index.php |css模块不存在
2015-06-30 15:48:39 | ::1 | /cheetah_admin/index.php |css模块不存在
2015-06-30 15:49:16 | ::1 | /cheetah_admin/index.php |css模块不存在
2015-06-30 15:49:16 | ::1 | /cheetah_admin/index.php |css模块不存在
2015-06-30 15:49:48 | ::1 | /cheetah_admin/index.php |css模块不存在
2015-06-30 15:49:48 | ::1 | /cheetah_admin/index.php |css模块不存在
2015-06-30 15:50:15 | ::1 | /cheetah_admin/index.php |css模块不存在
2015-06-30 15:50:15 | ::1 | /cheetah_admin/index.php |css模块不存在
2015-06-30 15:53:54 | ::1 | /cheetah_admin/index.php |css模块不存在
2015-06-30 15:53:55 | ::1 | /cheetah_admin/index.php |css模块不存在
2015-06-30 15:54:07 | ::1 | /cheetah_admin/index.php |css模块不存在
2015-06-30 15:54:07 | ::1 | /cheetah_admin/index.php |css模块不存在
2015-06-30 16:27:31 | ::1 | /cheetah_admin/index.php |css模块不存在
2015-06-30 16:27:31 | ::1 | /cheetah_admin/index.php |css模块不存在
2015-06-30 16:27:54 | ::1 | /cheetah_admin/index.php |css模块不存在
2015-06-30 16:41:58 | ::1 | /cheetah_admin/index.php |imgs模块不存在
2015-06-30 16:41:58 | ::1 | /cheetah_admin/index.php |imgs模块不存在
2015-06-30 16:41:58 | ::1 | /cheetah_admin/index.php |order-form模块不存在
2015-06-30 16:41:58 | ::1 | /cheetah_admin/index.php |user-form模块不存在
2015-06-30 16:41:59 | ::1 | /cheetah_admin/index.php |css模块不存在
2015-06-30 17:02:08 | ::1 | /cheetah_admin/index.php |imgs模块不存在
2015-06-30 17:02:08 | ::1 | /cheetah_admin/index.php |imgs模块不存在
2015-06-30 17:02:08 | ::1 | /cheetah_admin/index.php |user-form模块不存在
2015-06-30 17:02:08 | ::1 | /cheetah_admin/index.php |order-form模块不存在
2015-06-30 17:02:09 | ::1 | /cheetah_admin/index.php |css模块不存在
2015-06-30 17:02:17 | ::1 | /cheetah_admin/index.php |imgs模块不存在
2015-06-30 17:02:17 | ::1 | /cheetah_admin/index.php |imgs模块不存在
2015-06-30 17:02:17 | ::1 | /cheetah_admin/index.php |order-form模块不存在
2015-06-30 17:02:17 | ::1 | /cheetah_admin/index.php |user-form模块不存在
2015-06-30 17:02:18 | ::1 | /cheetah_admin/index.php |css模块不存在
2015-06-30 17:02:23 | ::1 | /cheetah_admin/index.php |imgs模块不存在
2015-06-30 17:02:23 | ::1 | /cheetah_admin/index.php |imgs模块不存在
2015-06-30 17:02:23 | ::1 | /cheetah_admin/index.php |order-form模块不存在
2015-06-30 17:02:23 | ::1 | /cheetah_admin/index.php |user-form模块不存在
2015-06-30 17:02:23 | ::1 | /cheetah_admin/index.php |css模块不存在
2015-06-30 17:02:55 | ::1 | /cheetah_admin/index.php |imgs模块不存在
2015-06-30 17:02:56 | ::1 | /cheetah_admin/index.php |imgs模块不存在
2015-06-30 17:02:56 | ::1 | /cheetah_admin/index.php |order-form模块不存在
2015-06-30 17:02:56 | ::1 | /cheetah_admin/index.php |user-form模块不存在
2015-06-30 17:02:56 | ::1 | /cheetah_admin/index.php |css模块不存在
2015-06-30 17:02:57 | ::1 | /cheetah_admin/index.php |css模块不存在
2015-06-30 17:03:38 | ::1 | /cheetah_admin/index.php |imgs模块不存在
2015-06-30 17:03:38 | ::1 | /cheetah_admin/index.php |imgs模块不存在
2015-06-30 17:03:38 | ::1 | /cheetah_admin/index.php |order-form模块不存在
2015-06-30 17:03:38 | ::1 | /cheetah_admin/index.php |user-form模块不存在
2015-06-30 17:03:39 | ::1 | /cheetah_admin/index.php |css模块不存在
2015-06-30 17:11:56 | ::1 | /cheetah_admin/index.php |imgs模块不存在
2015-06-30 17:11:57 | ::1 | /cheetah_admin/index.php |imgs模块不存在
2015-06-30 17:11:57 | ::1 | /cheetah_admin/index.php |order-form模块不存在
2015-06-30 17:11:57 | ::1 | /cheetah_admin/index.php |user-form模块不存在
2015-06-30 17:11:57 | ::1 | /cheetah_admin/index.php |css模块不存在
2015-06-30 17:11:58 | ::1 | /cheetah_admin/index.php |css模块不存在
2015-06-30 17:16:53 | ::1 | /cheetah_admin/index.php |imgs模块不存在
2015-06-30 17:16:54 | ::1 | /cheetah_admin/index.php |imgs模块不存在
2015-06-30 17:16:54 | ::1 | /cheetah_admin/index.php |order-form模块不存在
2015-06-30 17:16:54 | ::1 | /cheetah_admin/index.php |user-form模块不存在
2015-06-30 17:16:55 | ::1 | /cheetah_admin/index.php |css模块不存在
2015-06-30 17:16:55 | ::1 | /cheetah_admin/index.php |css模块不存在
2015-06-30 17:18:25 | ::1 | /cheetah_admin/index.php |imgs模块不存在
2015-06-30 17:18:26 | ::1 | /cheetah_admin/index.php |imgs模块不存在
2015-06-30 17:18:26 | ::1 | /cheetah_admin/index.php |order-form模块不存在
2015-06-30 17:18:26 | ::1 | /cheetah_admin/index.php |user-form模块不存在
2015-06-30 17:18:27 | ::1 | /cheetah_admin/index.php |css模块不存在
2015-06-30 17:23:09 | ::1 | /cheetah_admin/index.php |imgs模块不存在
2015-06-30 17:23:09 | ::1 | /cheetah_admin/index.php |imgs模块不存在
2015-06-30 17:23:09 | ::1 | /cheetah_admin/index.php |order-form模块不存在
2015-06-30 17:23:09 | ::1 | /cheetah_admin/index.php |user-form模块不存在
2015-06-30 17:23:09 | ::1 | /cheetah_admin/index.php |css模块不存在
2015-06-30 17:25:00 | ::1 | /cheetah_admin/index.php |imgs模块不存在
2015-06-30 17:25:00 | ::1 | /cheetah_admin/index.php |imgs模块不存在
2015-06-30 17:25:00 | ::1 | /cheetah_admin/index.php |order-form模块不存在
2015-06-30 17:25:00 | ::1 | /cheetah_admin/index.php |user-form模块不存在
2015-06-30 17:25:00 | ::1 | /cheetah_admin/index.php |css模块不存在
2015-06-30 17:25:33 | ::1 | /cheetah_admin/index.php |imgs模块不存在
2015-06-30 17:25:34 | ::1 | /cheetah_admin/index.php |imgs模块不存在
2015-06-30 17:25:34 | ::1 | /cheetah_admin/index.php |order-form模块不存在
2015-06-30 17:25:34 | ::1 | /cheetah_admin/index.php |user-form模块不存在
2015-06-30 17:25:34 | ::1 | /cheetah_admin/index.php |css模块不存在
2015-06-30 17:26:23 | ::1 | /cheetah_admin/index.php |imgs模块不存在
2015-06-30 17:26:23 | ::1 | /cheetah_admin/index.php |imgs模块不存在
2015-06-30 17:26:23 | ::1 | /cheetah_admin/index.php |order-form模块不存在
2015-06-30 17:26:23 | ::1 | /cheetah_admin/index.php |user-form模块不存在
2015-06-30 17:26:24 | ::1 | /cheetah_admin/index.php |css模块不存在
2015-06-30 17:26:52 | ::1 | /cheetah_admin/index.php |imgs模块不存在
2015-06-30 17:26:52 | ::1 | /cheetah_admin/index.php |imgs模块不存在
2015-06-30 17:26:52 | ::1 | /cheetah_admin/index.php |order-form模块不存在
2015-06-30 17:26:52 | ::1 | /cheetah_admin/index.php |user-form模块不存在
2015-06-30 17:26:53 | ::1 | /cheetah_admin/index.php |css模块不存在
2015-06-30 17:27:26 | ::1 | /cheetah_admin/index.php |imgs模块不存在
2015-06-30 17:27:26 | ::1 | /cheetah_admin/index.php |imgs模块不存在
2015-06-30 17:27:26 | ::1 | /cheetah_admin/index.php |order-form模块不存在
2015-06-30 17:27:26 | ::1 | /cheetah_admin/index.php |user-form模块不存在
2015-06-30 17:27:27 | ::1 | /cheetah_admin/index.php |css模块不存在
2015-06-30 17:35:00 | ::1 | /cheetah_admin/index.php |imgs模块不存在
2015-06-30 17:35:00 | ::1 | /cheetah_admin/index.php |imgs模块不存在
2015-06-30 17:35:00 | ::1 | /cheetah_admin/index.php |order-form模块不存在
2015-06-30 17:35:00 | ::1 | /cheetah_admin/index.php |user-form模块不存在
2015-06-30 17:35:01 | ::1 | /cheetah_admin/index.php |css模块不存在
2015-06-30 17:38:14 | ::1 | /cheetah_admin/index.php |imgs模块不存在
2015-06-30 17:38:15 | ::1 | /cheetah_admin/index.php |imgs模块不存在
2015-06-30 17:38:15 | ::1 | /cheetah_admin/index.php |order-form模块不存在
2015-06-30 17:38:15 | ::1 | /cheetah_admin/index.php |user-form模块不存在
2015-06-30 17:38:16 | ::1 | /cheetah_admin/index.php |css模块不存在
2015-06-30 18:26:56 | ::1 | /cheetah_admin/index.php |imgs模块不存在
2015-06-30 18:26:57 | ::1 | /cheetah_admin/index.php |imgs模块不存在
2015-06-30 18:26:57 | ::1 | /cheetah_admin/index.php |order-form模块不存在
2015-06-30 18:26:57 | ::1 | /cheetah_admin/index.php |user-form模块不存在
2015-06-30 18:26:58 | ::1 | /cheetah_admin/index.php |css模块不存在
2015-06-30 20:36:04 | ::1 | /cheetah_admin/index.php |imgs/brand操作方法在index模块中不存在
2015-06-30 20:36:05 | ::1 | /cheetah_admin/index.php |brand/get_admin_info操作方法在index模块中不存在
2015-06-30 20:36:05 | ::1 | /cheetah_admin/index.php |imgs/brand操作方法在index模块中不存在
2015-06-30 20:36:05 | ::1 | /cheetah_admin/index.php |order操作方法在index模块中不存在
2015-06-30 20:36:05 | ::1 | /cheetah_admin/index.php |user操作方法在index模块中不存在
2015-06-30 20:36:05 | ::1 | /cheetah_admin/index.php |css模块不存在
2015-06-30 20:38:50 | ::1 | /cheetah_admin/index.php |imgs/brand操作方法在index模块中不存在
2015-06-30 20:38:51 | ::1 | /cheetah_admin/index.php |imgs/brand操作方法在index模块中不存在
2015-06-30 20:38:51 | ::1 | /cheetah_admin/index.php |order操作方法在index模块中不存在
2015-06-30 20:38:51 | ::1 | /cheetah_admin/index.php |user操作方法在index模块中不存在
2015-06-30 20:38:51 | ::1 | /cheetah_admin/index.php |brand/get_admin_info操作方法在index模块中不存在
2015-06-30 20:38:51 | ::1 | /cheetah_admin/index.php |css模块不存在
2015-06-30 20:38:55 | ::1 | /cheetah_admin/index.php |imgs/brand操作方法在index模块中不存在
2015-06-30 20:38:55 | ::1 | /cheetah_admin/index.php |brand/get_admin_info操作方法在index模块中不存在
2015-06-30 20:38:55 | ::1 | /cheetah_admin/index.php |imgs/brand操作方法在index模块中不存在
2015-06-30 20:38:55 | ::1 | /cheetah_admin/index.php |order操作方法在index模块中不存在
2015-06-30 20:38:55 | ::1 | /cheetah_admin/index.php |user操作方法在index模块中不存在
2015-06-30 20:38:55 | ::1 | /cheetah_admin/index.php |css模块不存在
2015-06-30 20:38:55 | ::1 | /cheetah_admin/index.php |css模块不存在
2015-06-30 20:38:57 | ::1 | /cheetah_admin/index.php |imgs/brand操作方法在index模块中不存在
2015-06-30 20:38:58 | ::1 | /cheetah_admin/index.php |brand/get_admin_info操作方法在index模块中不存在
2015-06-30 20:38:58 | ::1 | /cheetah_admin/index.php |imgs/brand操作方法在index模块中不存在
2015-06-30 20:38:58 | ::1 | /cheetah_admin/index.php |order操作方法在index模块中不存在
2015-06-30 20:38:58 | ::1 | /cheetah_admin/index.php |user操作方法在index模块中不存在
2015-06-30 20:38:58 | ::1 | /cheetah_admin/index.php |css模块不存在
2015-06-30 20:38:58 | ::1 | /cheetah_admin/index.php |css模块不存在
2015-06-30 20:39:10 | ::1 | /cheetah_admin/index.php |imgs/brand操作方法在index模块中不存在
2015-06-30 20:39:40 | ::1 | /cheetah_admin/index.php |imgs/brand操作方法在index模块中不存在
2015-06-30 20:39:40 | ::1 | /cheetah_admin/index.php |brand/get_admin_info操作方法在index模块中不存在
2015-06-30 20:39:40 | ::1 | /cheetah_admin/index.php |imgs/brand操作方法在index模块中不存在
2015-06-30 20:39:40 | ::1 | /cheetah_admin/index.php |order操作方法在index模块中不存在
2015-06-30 20:39:40 | ::1 | /cheetah_admin/index.php |user操作方法在index模块中不存在
2015-06-30 20:39:40 | ::1 | /cheetah_admin/index.php |css模块不存在
2015-06-30 20:39:40 | ::1 | /cheetah_admin/index.php |css模块不存在
2015-06-30 20:40:18 | ::1 | /cheetah_admin/index.php |imgs/brand操作方法在index模块中不存在
2015-06-30 20:40:18 | ::1 | /cheetah_admin/index.php |brand/get_admin_info操作方法在index模块中不存在
2015-06-30 20:40:18 | ::1 | /cheetah_admin/index.php |imgs/brand操作方法在index模块中不存在
2015-06-30 20:40:18 | ::1 | /cheetah_admin/index.php |order操作方法在index模块中不存在
2015-06-30 20:40:18 | ::1 | /cheetah_admin/index.php |user操作方法在index模块中不存在
2015-06-30 20:40:19 | ::1 | /cheetah_admin/index.php |css模块不存在
2015-06-30 20:40:19 | ::1 | /cheetah_admin/index.php |css模块不存在
2015-06-30 20:48:15 | ::1 | /cheetah_admin/index.php |imgs/brand操作方法在index模块中不存在
2015-06-30 20:48:16 | ::1 | /cheetah_admin/index.php |imgs/brand操作方法在index模块中不存在
2015-06-30 20:48:16 | ::1 | /cheetah_admin/index.php |order操作方法在index模块中不存在
2015-06-30 20:48:16 | ::1 | /cheetah_admin/index.php |user操作方法在index模块中不存在
2015-06-30 20:48:16 | ::1 | /cheetah_admin/index.php |brand/get_admin_info操作方法在index模块中不存在
2015-06-30 20:49:27 | ::1 | /cheetah_admin/index.php |imgs/brand操作方法在index模块中不存在
2015-06-30 20:49:27 | ::1 | /cheetah_admin/index.php |brand/get_admin_info操作方法在index模块中不存在
2015-06-30 20:49:27 | ::1 | /cheetah_admin/index.php |imgs/brand操作方法在index模块中不存在
2015-06-30 20:49:27 | ::1 | /cheetah_admin/index.php |order操作方法在index模块中不存在
2015-06-30 20:49:27 | ::1 | /cheetah_admin/index.php |user操作方法在index模块中不存在
2015-06-30 20:49:34 | ::1 | /cheetah_admin/index.php |imgs/brand操作方法在index模块中不存在
2015-06-30 20:49:35 | ::1 | /cheetah_admin/index.php |brand/get_admin_info操作方法在index模块中不存在
2015-06-30 20:49:35 | ::1 | /cheetah_admin/index.php |imgs/brand操作方法在index模块中不存在
2015-06-30 20:49:35 | ::1 | /cheetah_admin/index.php |order操作方法在index模块中不存在
2015-06-30 20:49:35 | ::1 | /cheetah_admin/index.php |user操作方法在index模块中不存在
2015-06-30 20:49:37 | ::1 | /cheetah_admin/index.php |imgs/brand操作方法在index模块中不存在
2015-06-30 20:50:16 | ::1 | /cheetah_admin/index.php |oboss操作方法在index模块中不存在
2015-06-30 20:50:28 | ::1 | /cheetah_admin/index.php |imgs/brand操作方法在index模块中不存在
2015-06-30 20:50:29 | ::1 | /cheetah_admin/index.php |brand/get_admin_info操作方法在index模块中不存在
2015-06-30 20:50:29 | ::1 | /cheetah_admin/index.php |imgs/brand操作方法在index模块中不存在
2015-06-30 20:50:29 | ::1 | /cheetah_admin/index.php |order操作方法在index模块中不存在
2015-06-30 20:50:29 | ::1 | /cheetah_admin/index.php |user操作方法在index模块中不存在
2015-06-30 20:50:35 | ::1 | /cheetah_admin/index.php |imgs模块不存在
2015-06-30 20:50:35 | ::1 | /cheetah_admin/index.php |imgs模块不存在
2015-06-30 20:50:35 | ::1 | /cheetah_admin/index.php |order-form模块不存在
2015-06-30 20:50:35 | ::1 | /cheetah_admin/index.php |user-form模块不存在
2015-06-30 20:52:09 | ::1 | /cheetah_admin/index.php |imgs/brand操作方法在index模块中不存在
2015-06-30 20:52:09 | ::1 | /cheetah_admin/index.php |brand/get_admin_info操作方法在index模块中不存在
2015-06-30 20:52:09 | ::1 | /cheetah_admin/index.php |order操作方法在index模块中不存在
2015-06-30 20:52:09 | ::1 | /cheetah_admin/index.php |imgs/brand操作方法在index模块中不存在
2015-06-30 20:52:09 | ::1 | /cheetah_admin/index.php |user操作方法在index模块中不存在
2015-06-30 20:52:10 | ::1 | /cheetah_admin/index.php |css模块不存在
2015-06-30 20:52:10 | ::1 | /cheetah_admin/index.php |css模块不存在
2015-06-30 20:52:15 | ::1 | /cheetah_admin/index.php |oboss操作方法在index模块中不存在
2015-06-30 20:52:25 | ::1 | /cheetah_admin/index.php |imgs模块不存在
2015-06-30 20:52:26 | ::1 | /cheetah_admin/index.php |imgs模块不存在
2015-06-30 20:52:26 | ::1 | /cheetah_admin/index.php |order-form模块不存在
2015-06-30 20:52:26 | ::1 | /cheetah_admin/index.php |user-form模块不存在
2015-06-30 20:52:26 | ::1 | /cheetah_admin/index.php |css模块不存在
2015-06-30 20:52:26 | ::1 | /cheetah_admin/index.php |css模块不存在
2015-06-30 20:52:29 | ::1 | /cheetah_admin/index.php |css模块不存在
2015-06-30 20:52:29 | ::1 | /cheetah_admin/index.php |css模块不存在
2015-06-30 20:52:40 | ::1 | /cheetah_admin/index.php |css模块不存在
2015-06-30 20:52:40 | ::1 | /cheetah_admin/index.php |css模块不存在
2015-06-30 20:53:19 | ::1 | /cheetah_admin/index.php |imgs模块不存在
2015-06-30 20:53:20 | ::1 | /cheetah_admin/index.php |imgs模块不存在
2015-06-30 20:53:20 | ::1 | /cheetah_admin/index.php |order-form模块不存在
2015-06-30 20:53:20 | ::1 | /cheetah_admin/index.php |user-form模块不存在
2015-06-30 20:53:20 | ::1 | /cheetah_admin/index.php |css模块不存在
2015-06-30 20:53:20 | ::1 | /cheetah_admin/index.php |css模块不存在
2015-06-30 20:54:01 | ::1 | /cheetah_admin/index.php |imgs模块不存在
2015-06-30 20:54:01 | ::1 | /cheetah_admin/index.php |imgs模块不存在
2015-06-30 20:54:01 | ::1 | /cheetah_admin/index.php |order-form模块不存在
2015-06-30 20:54:01 | ::1 | /cheetah_admin/index.php |user-form模块不存在
2015-06-30 20:54:02 | ::1 | /cheetah_admin/index.php |css模块不存在
2015-06-30 20:54:02 | ::1 | /cheetah_admin/index.php |css模块不存在
2015-06-30 20:54:08 | ::1 | /cheetah_admin/index.php |__ROOT__模块不存在
2015-06-30 20:55:07 | ::1 | /cheetah_admin/index.php |imgs模块不存在
2015-06-30 20:55:08 | ::1 | /cheetah_admin/index.php |imgs模块不存在
2015-06-30 20:55:08 | ::1 | /cheetah_admin/index.php |order-form模块不存在
2015-06-30 20:55:08 | ::1 | /cheetah_admin/index.php |user-form模块不存在
2015-06-30 20:55:08 | ::1 | /cheetah_admin/index.php |css模块不存在
2015-06-30 20:55:08 | ::1 | /cheetah_admin/index.php |css模块不存在
2015-06-30 20:55:11 | ::1 | /cheetah_admin/index.php |__ROOT__模块不存在
2015-06-30 20:55:18 | ::1 | /cheetah_admin/index.php |imgs模块不存在
2015-06-30 20:55:19 | ::1 | /cheetah_admin/index.php |imgs模块不存在
2015-06-30 20:55:19 | ::1 | /cheetah_admin/index.php |order-form模块不存在
2015-06-30 20:55:19 | ::1 | /cheetah_admin/index.php |user-form模块不存在
2015-06-30 20:55:19 | ::1 | /cheetah_admin/index.php |css模块不存在
2015-06-30 20:55:19 | ::1 | /cheetah_admin/index.php |css模块不存在
2015-06-30 20:55:22 | ::1 | /cheetah_admin/index.php |css模块不存在
2015-06-30 20:55:22 | ::1 | /cheetah_admin/index.php |css模块不存在
2015-06-30 20:56:12 | ::1 | /cheetah_admin/index.php |imgs模块不存在
2015-06-30 20:56:12 | ::1 | /cheetah_admin/index.php |imgs模块不存在
2015-06-30 20:56:12 | ::1 | /cheetah_admin/index.php |order-form模块不存在
2015-06-30 20:56:12 | ::1 | /cheetah_admin/index.php |user-form模块不存在
2015-06-30 20:56:13 | ::1 | /cheetah_admin/index.php |css模块不存在
2015-06-30 20:56:13 | ::1 | /cheetah_admin/index.php |css模块不存在
2015-06-30 20:56:26 | ::1 | /cheetah_admin/index.php |imgs模块不存在
2015-06-30 20:56:26 | ::1 | /cheetah_admin/index.php |imgs模块不存在
2015-06-30 20:56:26 | ::1 | /cheetah_admin/index.php |order-form模块不存在
2015-06-30 20:56:26 | ::1 | /cheetah_admin/index.php |user-form模块不存在
2015-06-30 20:56:27 | ::1 | /cheetah_admin/index.php |css模块不存在
2015-06-30 20:56:27 | ::1 | /cheetah_admin/index.php |css模块不存在
2015-06-30 20:56:35 | ::1 | /cheetah_admin/index.php |imgs模块不存在
2015-06-30 20:56:35 | ::1 | /cheetah_admin/index.php |imgs模块不存在
2015-06-30 20:56:35 | ::1 | /cheetah_admin/index.php |order-form模块不存在
2015-06-30 20:56:35 | ::1 | /cheetah_admin/index.php |user-form模块不存在
2015-06-30 20:56:35 | ::1 | /cheetah_admin/index.php |css模块不存在
2015-06-30 20:56:36 | ::1 | /cheetah_admin/index.php |css模块不存在
2015-06-30 20:56:45 | ::1 | /cheetah_admin/index.php |css模块不存在
2015-06-30 20:56:46 | ::1 | /cheetah_admin/index.php |css模块不存在
2015-06-30 20:56:48 | ::1 | /cheetah_admin/index.php |css模块不存在
2015-06-30 20:56:48 | ::1 | /cheetah_admin/index.php |css模块不存在
