2015-06-29 00:00:27 | ::1 | /cheetah_admin/index.php |imgsæ¨¡å—ä¸å­˜åœ¨
2015-06-29 00:00:27 | ::1 | /cheetah_admin/index.php |imgsæ¨¡å—ä¸å­˜åœ¨
2015-06-29 00:02:29 | ::1 | /cheetah_admin/index.php |imgsæ¨¡å—ä¸å­˜åœ¨
2015-06-29 00:02:29 | ::1 | /cheetah_admin/index.php |imgsæ¨¡å—ä¸å­˜åœ¨
2015-06-29 08:03:49 | ::1 | /cheetah_admin/index.php |imgsæ¨¡å—ä¸å­˜åœ¨
2015-06-29 08:03:50 | ::1 | /cheetah_admin/index.php |order-boss-formæ¨¡å—ä¸å­˜åœ¨
2015-06-29 08:03:50 | ::1 | /cheetah_admin/index.php |imgsæ¨¡å—ä¸å­˜åœ¨
2015-06-29 08:03:50 | ::1 | /cheetah_admin/index.php |imgsæ¨¡å—ä¸å­˜åœ¨
2015-06-29 08:03:50 | ::1 | /cheetah_admin/index.php |order-formæ¨¡å—ä¸å­˜åœ¨
2015-06-29 08:03:50 | ::1 | /cheetah_admin/index.php |user-formæ¨¡å—ä¸å­˜åœ¨
2015-06-29 08:03:50 | ::1 | /cheetah_admin/index.php |imgsæ¨¡å—ä¸å­˜åœ¨
2015-06-29 08:03:50 | ::1 | /cheetah_admin/index.php |imgsæ¨¡å—ä¸å­˜åœ¨
2015-06-29 08:03:50 | ::1 | /cheetah_admin/index.php |order-formæ¨¡å—ä¸å­˜åœ¨
2015-06-29 08:03:50 | ::1 | /cheetah_admin/index.php |user-formæ¨¡å—ä¸å­˜åœ¨
2015-06-29 08:03:50 | ::1 | /cheetah_admin/index.php |order-boss-formæ¨¡å—ä¸å­˜åœ¨
2015-06-29 08:03:53 | ::1 | /cheetah_admin/index.php |imgsæ¨¡å—ä¸å­˜åœ¨
2015-06-29 08:03:53 | ::1 | /cheetah_admin/index.php |imgsæ¨¡å—ä¸å­˜åœ¨
2015-06-29 08:03:53 | ::1 | /cheetah_admin/index.php |order-boss-formæ¨¡å—ä¸å­˜åœ¨
2015-06-29 08:03:53 | ::1 | /cheetah_admin/index.php |imgsæ¨¡å—ä¸å­˜åœ¨
2015-06-29 08:03:53 | ::1 | /cheetah_admin/index.php |imgsæ¨¡å—ä¸å­˜åœ¨
˜åœ¨
2015-06-29 08:03:53 | ::1 | /cheetah_admin/index.php |user-formæ¨¡å—ä¸å­˜åœ¨
2015-06-29 08:08:51 | ::1 | /cheetah_admin/index.php |imgsæ¨¡å—ä¸å­˜åœ¨
2015-06-29 08:08:51 | ::1 | /cheetah_admin/index.php |imgsæ¨¡å—ä¸å­˜åœ¨
2015-06-29 08:08:52 | ::1 | /cheetah_admin/index.php |imgsæ¨¡å—ä¸å­˜åœ¨
2015-06-29 08:08:52 | ::1 | /cheetah_admin/index.php |imgsæ¨¡å—ä¸å­˜åœ¨
2015-06-29 08:08:52 | ::1 | /cheetah_admin/index.php |order-formæ¨¡å—ä¸å­˜åœ¨
2015-06-29 08:08:52 | ::1 | /cheetah_admin/index.php |order-boss-formæ¨¡å—ä¸å­˜åœ¨
2015-06-29 08:08:52 | ::1 | /cheetah_admin/index.php |user-formæ¨¡å—ä¸å­˜åœ¨
2015-06-29 08:27:18 | ::1 | /cheetah_admin/index.php |imgsæ¨¡å—ä¸å­˜åœ¨
2015-06-29 08:27:18 | ::1 | /cheetah_admin/index.php |imgsæ¨¡å—ä¸å­˜åœ¨
2015-06-29 08:27:19 | ::1 | /cheetah_admin/index.php |imgsæ¨¡å—ä¸å­˜åœ¨
2015-06-29 08:27:19 | ::1 | /cheetah_admin/index.php |imgsæ¨¡å—ä¸å­˜åœ¨
2015-06-29 08:27:19 | ::1 | /cheetah_admin/index.php |order-formæ¨¡å—ä¸å­˜åœ¨
2015-06-29 08:27:19 | ::1 | /cheetah_admin/index.php |order-boss-formæ¨¡å—ä¸å­˜åœ¨
2015-06-29 08:27:19 | ::1 | /cheetah_admin/index.php |user-formæ¨¡å—ä¸å­˜åœ¨
2015-06-29 08:27:31 | ::1 | /cheetah_admin/index.php |imgsæ¨¡å—ä¸å­˜åœ¨
2015-06-29 08:27:31 | ::1 | /cheetah_admin/index.php |imgsæ¨¡å—ä¸å­˜åœ¨
2015-06-29 08:27:32 | ::1 | /cheetah_admin/index.php |imgsæ¨¡å—ä¸å­˜åœ¨
2015-06-29 08:27:32 | ::1 | /cheetah_admin/index.php |imgsæ¨¡å—ä¸å­˜åœ¨
2015-06-29 08:27:32 | ::1 | /cheetah_admin/index.php |order-formæ¨¡å—ä¸å­˜åœ¨
2015-06-29 08:27:32 | ::1 | /cheetah_admin/index.php |order-boss-formæ¨¡å—ä¸å­˜åœ¨
2015-06-29 08:27:32 | ::1 | /cheetah_admin/index.php |user-formæ¨¡å—ä¸å­˜åœ¨
2015-06-29 08:27:46 | ::1 | /cheetah_admin/index.php |imgsæ¨¡å—ä¸å­˜åœ¨
2015-06-29 08:27:46 | ::1 | /cheetah_admin/index.php |imgsæ¨¡å—ä¸å­˜åœ¨
2015-06-29 08:27:47 | ::1 | /cheetah_admin/index.php |imgsæ¨¡å—ä¸å­˜åœ¨
2015-06-29 08:27:47 | ::1 | /cheetah_admin/index.php |imgsæ¨¡å—ä¸å­˜åœ¨
2015-06-29 08:27:47 | ::1 | /cheetah_admin/index.php |order-formæ¨¡å—ä¸å­˜åœ¨
2015-06-29 08:27:47 | ::1 | /cheetah_admin/index.php |order-boss-formæ¨¡å—ä¸å­˜åœ¨
2015-06-29 08:27:47 | ::1 | /cheetah_admin/index.php |user-formæ¨¡å—ä¸å­˜åœ¨
2015-06-29 08:27:56 | ::1 | /cheetah_admin/index.php |imgsæ¨¡å—ä¸å­˜åœ¨
2015-06-29 08:27:56 | ::1 | /cheetah_admin/index.php |imgsæ¨¡å—ä¸å­˜åœ¨
2015-06-29 08:27:56 | ::1 | /cheetah_admin/index.php |imgsæ¨¡å—ä¸å­˜åœ¨
2015-06-29 08:27:56 | ::1 | /cheetah_admin/index.php |imgsæ¨¡å—ä¸å­˜åœ¨
2015-06-29 08:27:56 | ::1 | /cheetah_admin/index.php |order-formæ¨¡å—ä¸å­˜åœ¨
2015-06-29 08:27:56 | ::1 | /cheetah_admin/index.php |order-boss-formæ¨¡å—ä¸å­˜åœ¨
2015-06-29 08:27:56 | ::1 | /cheetah_admin/index.php |user-formæ¨¡å—ä¸å­˜åœ¨
2015-06-29 08:39:50 | ::1 | /cheetah_admin/index.php |imgsæ¨¡å—ä¸å­˜åœ¨
2015-06-29 08:39:50 | ::1 | /cheetah_admin/index.php |imgsæ¨¡å—ä¸å­˜åœ¨
2015-06-29 08:39:50 | ::1 | /cheetah_admin/index.php |imgsæ¨¡å—ä¸å­˜åœ¨
2015-06-29 08:39:50 | ::1 | /cheetah_admin/index.php |imgsæ¨¡å—ä¸å­˜åœ¨
2015-06-29 08:39:50 | ::1 | /cheetah_admin/index.php |order-formæ¨¡å—ä¸å­˜åœ¨
2015-06-29 08:39:50 | ::1 | /cheetah_admin/index.php |order-boss-formæ¨¡å—ä¸å­˜åœ¨
2015-06-29 08:39:50 | ::1 | /cheetah_admin/index.php |user-formæ¨¡å—ä¸å­˜åœ¨
2015-06-29 08:40:16 | ::1 | /cheetah_admin/index.php |imgsæ¨¡å—ä¸å­˜åœ¨
2015-06-29 08:40:16 | ::1 | /cheetah_admin/index.php |imgsæ¨¡å—ä¸å­˜åœ¨
2015-06-29 08:40:17 | ::1 | /cheetah_admin/index.php |imgsæ¨¡å—ä¸å­˜åœ¨
2015-06-29 08:40:17 | ::1 | /cheetah_admin/index.php |imgsæ¨¡å—ä¸å­˜åœ¨
2015-06-29 08:40:17 | ::1 | /cheetah_admin/index.php |order-formæ¨¡å—ä¸å­˜åœ¨
2015-06-29 08:40:17 | ::1 | /cheetah_admin/index.php |order-boss-formæ¨¡å—ä¸å­˜åœ¨
2015-06-29 08:40:17 | ::1 | /cheetah_admin/index.php |user-formæ¨¡å—ä¸å­˜åœ¨
2015-06-29 08:44:50 | ::1 | /cheetah_admin/index.php |imgsæ¨¡å—ä¸å­˜åœ¨
2015-06-29 08:44:50 | ::1 | /cheetah_admin/index.php |imgsæ¨¡å—ä¸å­˜åœ¨
2015-06-29 08:44:51 | ::1 | /cheetah_admin/index.php |imgsæ¨¡å—ä¸å­˜åœ¨
2015-06-29 08:44:51 | ::1 | /cheetah_admin/index.php |imgsæ¨¡å—ä¸å­˜åœ¨
2015-06-29 08:44:51 | ::1 | /cheetah_admin/index.php |order-formæ¨¡å—ä¸å­˜åœ¨
2015-06-29 08:44:51 | ::1 | /cheetah_admin/index.php |order-boss-formæ¨¡å—ä¸å­˜åœ¨
2015-06-29 08:44:51 | ::1 | /cheetah_admin/index.php |user-formæ¨¡å—ä¸å­˜åœ¨
2015-06-29 08:45:00 | ::1 | /cheetah_admin/index.php |imgsæ¨¡å—ä¸å­˜åœ¨
2015-06-29 08:45:00 | ::1 | /cheetah_admin/index.php |imgsæ¨¡å—ä¸å­˜åœ¨
2015-06-29 08:45:01 | ::1 | /cheetah_admin/index.php |imgsæ¨¡å—ä¸å­˜åœ¨
2015-06-29 08:45:01 | ::1 | /cheetah_admin/index.php |imgsæ¨¡å—ä¸å­˜åœ¨
2015-06-29 08:45:01 | ::1 | /cheetah_admin/index.php |order-formæ¨¡å—ä¸å­˜åœ¨
2015-06-29 08:45:01 | ::1 | /cheetah_admin/index.php |order-boss-formæ¨¡å—ä¸å­˜åœ¨
2015-06-29 08:45:01 | ::1 | /cheetah_admin/index.php |user-formæ¨¡å—ä¸å­˜åœ¨
2015-06-29 08:45:13 | ::1 | /cheetah_admin/index.php |imgsæ¨¡å—ä¸å­˜åœ¨
2015-06-29 08:45:13 | ::1 | /cheetah_admin/index.php |imgsæ¨¡å—ä¸å­˜åœ¨
2015-06-29 08:45:14 | ::1 | /cheetah_admin/index.php |imgsæ¨¡å—ä¸å­˜åœ¨
2015-06-29 08:45:14 | ::1 | /cheetah_admin/index.php |imgsæ¨¡å—ä¸å­˜åœ¨
2015-06-29 08:45:14 | ::1 | /cheetah_admin/index.php |order-formæ¨¡å—ä¸å­˜åœ¨
2015-06-29 08:45:14 | ::1 | /cheetah_admin/index.php |order-boss-formæ¨¡å—ä¸å­˜åœ¨
2015-06-29 08:45:14 | ::1 | /cheetah_admin/index.php |user-formæ¨¡å—ä¸å­˜åœ¨
2015-06-29 08:45:23 | ::1 | /cheetah_admin/index.php |imgsæ¨¡å—ä¸å­˜åœ¨
2015-06-29 08:45:23 | ::1 | /cheetah_admin/index.php |imgsæ¨¡å—ä¸å­˜åœ¨
2015-06-29 08:45:23 | ::1 | /cheetah_admin/index.php |imgsæ¨¡å—ä¸å­˜åœ¨
2015-06-29 08:45:23 | ::1 | /cheetah_admin/index.php |imgsæ¨¡å—ä¸å­˜åœ¨
2015-06-29 08:45:23 | ::1 | /cheetah_admin/index.php |order-formæ¨¡å—ä¸å­˜åœ¨
2015-06-29 08:45:23 | ::1 | /cheetah_admin/index.php |order-boss-formæ¨¡å—ä¸å­˜åœ¨
2015-06-29 08:45:23 | ::1 | /cheetah_admin/index.php |user-formæ¨¡å—ä¸å­˜åœ¨
2015-06-29 08:46:05 | ::1 | /cheetah_admin/index.php |imgsæ¨¡å—ä¸å­˜åœ¨
2015-06-29 08:46:05 | ::1 | /cheetah_admin/index.php |imgsæ¨¡å—ä¸å­˜åœ¨
2015-06-29 08:46:06 | ::1 | /cheetah_admin/index.php |imgsæ¨¡å—ä¸å­˜åœ¨
2015-06-29 08:46:06 | ::1 | /cheetah_admin/index.php |imgsæ¨¡å—ä¸å­˜åœ¨
2015-06-29 08:46:06 | ::1 | /cheetah_admin/index.php |order-formæ¨¡å—ä¸å­˜åœ¨
2015-06-29 08:46:06 | ::1 | /cheetah_admin/index.php |order-boss-formæ¨¡å—ä¸å­˜åœ¨
2015-06-29 08:46:06 | ::1 | /cheetah_admin/index.php |user-formæ¨¡å—ä¸å­˜åœ¨
2015-06-29 09:35:32 | ::1 | /cheetah_admin/index.php |imgsæ¨¡å—ä¸å­˜åœ¨
2015-06-29 09:35:32 | ::1 | /cheetah_admin/index.php |imgsæ¨¡å—ä¸å­˜åœ¨
2015-06-29 09:35:33 | ::1 | /cheetah_admin/index.php |imgsæ¨¡å—ä¸å­˜åœ¨
2015-06-29 09:35:33 | ::1 | /cheetah_admin/index.php |imgsæ¨¡å—ä¸å­˜åœ¨
2015-06-29 09:35:33 | ::1 | /cheetah_admin/index.php |order-formæ¨¡å—ä¸å­˜åœ¨
2015-06-29 09:35:33 | ::1 | /cheetah_admin/index.php |user-formæ¨¡å—ä¸å­˜åœ¨
2015-06-29 09:35:33 | ::1 | /cheetah_admin/index.php |order-boss-formæ¨¡å—ä¸å­˜åœ¨
2015-06-29 09:39:11 | ::1 | /cheetah_admin/index.php |imgsæ¨¡å—ä¸å­˜åœ¨
2015-06-29 09:39:11 | ::1 | /cheetah_admin/index.php |imgsæ¨¡å—ä¸å­˜åœ¨
2015-06-29 09:39:12 | ::1 | /cheetah_admin/index.php |imgsæ¨¡å—ä¸å­˜åœ¨
2015-06-29 09:39:12 | ::1 | /cheetah_admin/index.php |imgsæ¨¡å—ä¸å­˜åœ¨
2015-06-29 09:39:12 | ::1 | /cheetah_admin/index.php |order-formæ¨¡å—ä¸å­˜åœ¨
2015-06-29 09:39:12 | ::1 | /cheetah_admin/index.php |order-boss-formæ¨¡å—ä¸å­˜åœ¨
2015-06-29 09:39:12 | ::1 | /cheetah_admin/index.php |user-formæ¨¡å—ä¸å­˜åœ¨
2015-06-29 09:39:41 | ::1 | /cheetah_admin/index.php |imgsæ¨¡å—ä¸å­˜åœ¨
2015-06-29 09:39:41 | ::1 | /cheetah_admin/index.php |imgsæ¨¡å—ä¸å­˜åœ¨
2015-06-29 09:39:41 | ::1 | /cheetah_admin/index.php |imgsæ¨¡å—ä¸å­˜åœ¨
2015-06-29 09:39:41 | ::1 | /cheetah_admin/index.php |imgsæ¨¡å—ä¸å­˜åœ¨
2015-06-29 09:39:41 | ::1 | /cheetah_admin/index.php |order-formæ¨¡å—ä¸å­˜åœ¨
2015-06-29 09:39:41 | ::1 | /cheetah_admin/index.php |order-boss-formæ¨¡å—ä¸å­˜åœ¨
2015-06-29 09:39:41 | ::1 | /cheetah_admin/index.php |user-formæ¨¡å—ä¸å­˜åœ¨
2015-06-29 09:42:17 | ::1 | /cheetah_admin/index.php |imgsæ¨¡å—ä¸å­˜åœ¨
2015-06-29 09:42:17 | ::1 | /cheetah_admin/index.php |imgsæ¨¡å—ä¸å­˜åœ¨
2015-06-29 09:42:17 | ::1 | /cheetah_admin/index.php |order-formæ¨¡å—ä¸å­˜åœ¨
2015-06-29 09:42:17 | ::1 | /cheetah_admin/index.php |order-boss-formæ¨¡å—ä¸å­˜åœ¨
2015-06-29 09:42:17 | ::1 | /cheetah_admin/index.php |user-formæ¨¡å—ä¸å­˜åœ¨
2015-06-29 09:43:24 | ::1 | /cheetah_admin/index.php |imgsæ¨¡å—ä¸å­˜åœ¨
2015-06-29 09:43:25 | ::1 | /cheetah_admin/index.php |imgsæ¨¡å—ä¸å­˜åœ¨
2015-06-29 09:43:25 | ::1 | /cheetah_admin/index.php |order-formæ¨¡å—ä¸å­˜åœ¨
2015-06-29 09:43:25 | ::1 | /cheetah_admin/index.php |order-boss-formæ¨¡å—ä¸å­˜åœ¨
2015-06-29 09:43:25 | ::1 | /cheetah_admin/index.php |user-formæ¨¡å—ä¸å­˜åœ¨
2015-06-29 09:43:53 | ::1 | /cheetah_admin/index.php |imgsæ¨¡å—ä¸å­˜åœ¨
2015-06-29 09:43:53 | ::1 | /cheetah_admin/index.php |imgsæ¨¡å—ä¸å­˜åœ¨
2015-06-29 09:43:53 | ::1 | /cheetah_admin/index.php |order-formæ¨¡å—ä¸å­˜åœ¨
2015-06-29 09:43:53 | ::1 | /cheetah_admin/index.php |order-boss-formæ¨¡å—ä¸å­˜åœ¨
2015-06-29 09:43:53 | ::1 | /cheetah_admin/index.php |user-formæ¨¡å—ä¸å­˜åœ¨
2015-06-29 09:52:44 | ::1 | /cheetah_admin/index.php |imgsæ¨¡å—ä¸å­˜åœ¨
2015-06-29 09:52:45 | ::1 | /cheetah_admin/index.php |imgsæ¨¡å—ä¸å­˜åœ¨
2015-06-29 09:52:45 | ::1 | /cheetah_admin/index.php |order-formæ¨¡å—ä¸å­˜åœ¨
2015-06-29 09:52:45 | ::1 | /cheetah_admin/index.php |order-boss-formæ¨¡å—ä¸å­˜åœ¨
2015-06-29 09:52:45 | ::1 | /cheetah_admin/index.php |user-formæ¨¡å—ä¸å­˜åœ¨
2015-06-29 09:53:31 | ::1 | /cheetah_admin/index.php |imgsæ¨¡å—ä¸å­˜åœ¨
2015-06-29 09:53:32 | ::1 | /cheetah_admin/index.php |imgsæ¨¡å—ä¸å­˜åœ¨
2015-06-29 09:53:32 | ::1 | /cheetah_admin/index.php |order-formæ¨¡å—ä¸å­˜åœ¨
2015-06-29 09:53:32 | ::1 | /cheetah_admin/index.php |order-boss-formæ¨¡å—ä¸å­˜åœ¨
2015-06-29 09:53:32 | ::1 | /cheetah_admin/index.php |user-formæ¨¡å—ä¸å­˜åœ¨
2015-06-29 09:57:22 | ::1 | /cheetah_admin/index.php |imgsæ¨¡å—ä¸å­˜åœ¨
2015-06-29 09:57:23 | ::1 | /cheetah_admin/index.php |imgsæ¨¡å—ä¸å­˜åœ¨
2015-06-29 09:57:23 | ::1 | /cheetah_admin/index.php |order-formæ¨¡å—ä¸å­˜åœ¨
2015-06-29 09:57:23 | ::1 | /cheetah_admin/index.php |order-boss-formæ¨¡å—ä¸å­˜åœ¨
2015-06-29 09:57:23 | ::1 | /cheetah_admin/index.php |user-formæ¨¡å—ä¸å­˜åœ¨
2015-06-29 09:58:18 | ::1 | /cheetah_admin/index.php |imgsæ¨¡å—ä¸å­˜åœ¨
2015-06-29 09:58:19 | ::1 | /cheetah_admin/index.php |imgsæ¨¡å—ä¸å­˜åœ¨
2015-06-29 09:58:19 | ::1 | /cheetah_admin/index.php |order-formæ¨¡å—ä¸å­˜åœ¨
2015-06-29 09:58:19 | ::1 | /cheetah_admin/index.php |order-boss-formæ¨¡å—ä¸å­˜åœ¨
2015-06-29 09:58:19 | ::1 | /cheetah_admin/index.php |user-formæ¨¡å—ä¸å­˜åœ¨
2015-06-29 10:02:10 | ::1 | /cheetah_admin/index.php |imgsæ¨¡å—ä¸å­˜åœ¨
2015-06-29 10:02:10 | ::1 | /cheetah_admin/index.php |imgsæ¨¡å—ä¸å­˜åœ¨
2015-06-29 10:02:10 | ::1 | /cheetah_admin/index.php |order-formæ¨¡å—ä¸å­˜åœ¨
2015-06-29 10:02:10 | ::1 | /cheetah_admin/index.php |order-boss-formæ¨¡å—ä¸å­˜åœ¨
2015-06-29 10:02:11 | ::1 | /cheetah_admin/index.php |user-formæ¨¡å—ä¸å­˜åœ¨
2015-06-29 10:02:48 | ::1 | /cheetah_admin/index.php |imgsæ¨¡å—ä¸å­˜åœ¨
2015-06-29 10:02:48 | ::1 | /cheetah_admin/index.php |imgsæ¨¡å—ä¸å­˜åœ¨
2015-06-29 10:02:48 | ::1 | /cheetah_admin/index.php |order-formæ¨¡å—ä¸å­˜åœ¨
2015-06-29 10:02:48 | ::1 | /cheetah_admin/index.php |order-boss-formæ¨¡å—ä¸å­˜åœ¨
2015-06-29 10:02:48 | ::1 | /cheetah_admin/index.php |user-formæ¨¡å—ä¸å­˜åœ¨
2015-06-29 10:03:08 | ::1 | /cheetah_admin/index.php |imgsæ¨¡å—ä¸å­˜åœ¨
2015-06-29 10:03:08 | ::1 | /cheetah_admin/index.php |imgsæ¨¡å—ä¸å­˜åœ¨
2015-06-29 10:03:09 | ::1 | /cheetah_admin/index.php |imgsæ¨¡å—ä¸å­˜åœ¨
2015-06-29 10:03:09 | ::1 | /cheetah_admin/index.php |imgsæ¨¡å—ä¸å­˜åœ¨
2015-06-29 10:03:09 | ::1 | /cheetah_admin/index.php |order-formæ¨¡å—ä¸å­˜åœ¨
2015-06-29 10:03:09 | ::1 | /cheetah_admin/index.php |order-boss-formæ¨¡å—ä¸å­˜åœ¨
2015-06-29 10:03:09 | ::1 | /cheetah_admin/index.php |user-formæ¨¡å—ä¸å­˜åœ¨
2015-06-29 10:03:23 | ::1 | /cheetah_admin/index.php |imgsæ¨¡å—ä¸å­˜åœ¨
2015-06-29 10:03:23 | ::1 | /cheetah_admin/index.php |imgsæ¨¡å—ä¸å­˜åœ¨
2015-06-29 10:03:24 | ::1 | /cheetah_admin/index.php |imgsæ¨¡å—ä¸å­˜åœ¨
2015-06-29 10:03:24 | ::1 | /cheetah_admin/index.php |imgsæ¨¡å—ä¸å­˜åœ¨
2015-06-29 10:03:24 | ::1 | /cheetah_admin/index.php |order-formæ¨¡å—ä¸å­˜åœ¨
2015-06-29 10:03:24 | ::1 | /cheetah_admin/index.php |order-boss-formæ¨¡å—ä¸å­˜åœ¨
2015-06-29 10:03:24 | ::1 | /cheetah_admin/index.php |user-formæ¨¡å—ä¸å­˜åœ¨
2015-06-29 10:06:34 | ::1 | /cheetah_admin/index.php |imgsæ¨¡å—ä¸å­˜åœ¨
2015-06-29 10:06:34 | ::1 | /cheetah_admin/index.php |imgsæ¨¡å—ä¸å­˜åœ¨
2015-06-29 10:06:35 | ::1 | /cheetah_admin/index.php |imgsæ¨¡å—ä¸å­˜åœ¨
2015-06-29 10:06:35 | ::1 | /cheetah_admin/index.php |imgsæ¨¡å—ä¸å­˜åœ¨
2015-06-29 10:06:35 | ::1 | /cheetah_admin/index.php |order-boss-formæ¨¡å—ä¸å­˜åœ¨
2015-06-29 10:06:35 | ::1 | /cheetah_admin/index.php |order-formæ¨¡å—ä¸å­˜åœ¨
2015-06-29 10:06:35 | ::1 | /cheetah_admin/index.php |user-formæ¨¡å—ä¸å­˜åœ¨
2015-06-29 10:14:13 | ::1 | /cheetah_admin/index.php |imgsæ¨¡å—ä¸å­˜åœ¨
2015-06-29 10:14:13 | ::1 | /cheetah_admin/index.php |imgsæ¨¡å—ä¸å­˜åœ¨
2015-06-29 10:14:13 | ::1 | /cheetah_admin/index.php |imgsæ¨¡å—ä¸å­˜åœ¨
2015-06-29 10:14:13 | ::1 | /cheetah_admin/index.php |imgsæ¨¡å—ä¸å­˜åœ¨
2015-06-29 10:14:13 | ::1 | /cheetah_admin/index.php |order-formæ¨¡å—ä¸å­˜åœ¨
2015-06-29 10:14:13 | ::1 | /cheetah_admin/index.php |order-boss-formæ¨¡å—ä¸å­˜åœ¨
2015-06-29 10:14:13 | ::1 | /cheetah_admin/index.php |user-formæ¨¡å—ä¸å­˜åœ¨
2015-06-29 10:30:51 | ::1 | /cheetah_admin/index.php |imagesæ¨¡å—ä¸å­˜åœ¨
2015-06-29 10:30:53 | ::1 | /cheetah_admin/index.php |imagesæ¨¡å—ä¸å­˜åœ¨
2015-06-29 10:31:04 | ::1 | /cheetah_admin/index.php |imagesæ¨¡å—ä¸å­˜åœ¨
2015-06-29 10:31:05 | ::1 | /cheetah_admin/index.php |imgsæ¨¡å—ä¸å­˜åœ¨
2015-06-29 10:31:05 | ::1 | /cheetah_admin/index.php |imgsæ¨¡å—ä¸å­˜åœ¨
2015-06-29 10:31:06 | ::1 | /cheetah_admin/index.php |imgsæ¨¡å—ä¸å­˜åœ¨
2015-06-29 10:31:06 | ::1 | /cheetah_admin/index.php |user-formæ¨¡å—ä¸å­˜åœ¨
2015-06-29 10:31:06 | ::1 | /cheetah_admin/index.php |order-boss-formæ¨¡å—ä¸å­˜åœ¨
2015-06-29 10:31:06 | ::1 | /cheetah_admin/index.php |order-formæ¨¡å—ä¸å­˜åœ¨
2015-06-29 10:47:35 | ::1 | /cheetah_admin/index.php |imgsæ¨¡å—ä¸å­˜åœ¨
2015-06-29 10:47:36 | ::1 | /cheetah_admin/index.php |imgsæ¨¡å—ä¸å­˜åœ¨
2015-06-29 10:47:36 | ::1 | /cheetah_admin/index.php |imgsæ¨¡å—ä¸å­˜åœ¨
2015-06-29 10:47:36 | ::1 | /cheetah_admin/index.php |order-formæ¨¡å—ä¸å­˜åœ¨
2015-06-29 10:47:36 | ::1 | /cheetah_admin/index.php |imgsæ¨¡å—ä¸å­˜åœ¨
2015-06-29 10:47:36 | ::1 | /cheetah_admin/index.php |order-boss-formæ¨¡å—ä¸å­˜åœ¨
2015-06-29 10:47:36 | ::1 | /cheetah_admin/index.php |user-formæ¨¡å—ä¸å­˜åœ¨
2015-06-29 10:48:29 | ::1 | /cheetah_admin/index.php |imgsæ¨¡å—ä¸å­˜åœ¨
2015-06-29 10:48:29 | ::1 | /cheetah_admin/index.php |imgsæ¨¡å—ä¸å­˜åœ¨
2015-06-29 10:48:29 | ::1 | /cheetah_admin/index.php |imgsæ¨¡å—ä¸å­˜åœ¨
2015-06-29 10:48:29 | ::1 | /cheetah_admin/index.php |imgsæ¨¡å—ä¸å­˜åœ¨
2015-06-29 10:48:29 | ::1 | /cheetah_admin/index.php |order-formæ¨¡å—ä¸å­˜åœ¨
2015-06-29 10:48:29 | ::1 | /cheetah_admin/index.php |order-boss-formæ¨¡å—ä¸å­˜åœ¨
2015-06-29 10:48:29 | ::1 | /cheetah_admin/index.php |user-formæ¨¡å—ä¸å­˜åœ¨
2015-06-29 10:50:31 | ::1 | /cheetah_admin/index.php |imgsæ¨¡å—ä¸å­˜åœ¨
2015-06-29 10:50:31 | ::1 | /cheetah_admin/index.php |imgsæ¨¡å—ä¸å­˜åœ¨
2015-06-29 10:50:32 | ::1 | /cheetah_admin/index.php |imgsæ¨¡å—ä¸å­˜åœ¨
2015-06-29 10:50:32 | ::1 | /cheetah_admin/index.php |imgsæ¨¡å—ä¸å­˜åœ¨
2015-06-29 10:50:32 | ::1 | /cheetah_admin/index.php |order-formæ¨¡å—ä¸å­˜åœ¨
2015-06-29 10:50:32 | ::1 | /cheetah_admin/index.php |order-boss-formæ¨¡å—ä¸å­˜åœ¨
2015-06-29 10:50:32 | ::1 | /cheetah_admin/index.php |user-formæ¨¡å—ä¸å­˜åœ¨
2015-06-29 10:52:00 | ::1 | /cheetah_admin/index.php |imgsæ¨¡å—ä¸å­˜åœ¨
2015-06-29 10:52:00 | ::1 | /cheetah_admin/index.php |imgsæ¨¡å—ä¸å­˜åœ¨
2015-06-29 10:52:00 | ::1 | /cheetah_admin/index.php |imgsæ¨¡å—ä¸å­˜åœ¨
2015-06-29 10:52:00 | ::1 | /cheetah_admin/index.php |imgsæ¨¡å—ä¸å­˜åœ¨
2015-06-29 10:52:00 | ::1 | /cheetah_admin/index.php |order-formæ¨¡å—ä¸å­˜åœ¨
2015-06-29 10:52:00 | ::1 | /cheetah_admin/index.php |order-boss-formæ¨¡å—ä¸å­˜åœ¨
2015-06-29 10:52:00 | ::1 | /cheetah_admin/index.php |user-formæ¨¡å—ä¸å­˜åœ¨
2015-06-29 10:52:29 | ::1 | /cheetah_admin/index.php |imgsæ¨¡å—ä¸å­˜åœ¨
2015-06-29 10:52:29 | ::1 | /cheetah_admin/index.php |imgsæ¨¡å—ä¸å­˜åœ¨
2015-06-29 10:52:30 | ::1 | /cheetah_admin/index.php |imgsæ¨¡å—ä¸å­˜åœ¨
2015-06-29 10:52:30 | ::1 | /cheetah_admin/index.php |order-boss-formæ¨¡å—ä¸å­˜åœ¨
2015-06-29 10:52:30 | ::1 | /cheetah_admin/index.php |imgsæ¨¡å—ä¸å­˜åœ¨
2015-06-29 10:52:30 | ::1 | /cheetah_admin/index.php |order-formæ¨¡å—ä¸å­˜åœ¨
2015-06-29 10:52:30 | ::1 | /cheetah_admin/index.php |user-formæ¨¡å—ä¸å­˜åœ¨
2015-06-29 10:52:31 | ::1 | /cheetah_admin/index.php |imgsæ¨¡å—ä¸å­˜åœ¨
2015-06-29 10:52:31 | ::1 | /cheetah_admin/index.php |imgsæ¨¡å—ä¸å­˜åœ¨
2015-06-29 10:52:32 | ::1 | /cheetah_admin/index.php |imgsæ¨¡å—ä¸å­˜åœ¨
2015-06-29 10:52:32 | ::1 | /cheetah_admin/index.php |order-formæ¨¡å—ä¸å­˜åœ¨
2015-06-29 10:52:32 | ::1 | /cheetah_admin/index.php |order-boss-formæ¨¡å—ä¸å­˜åœ¨
2015-06-29 10:52:32 | ::1 | /cheetah_admin/index.php |user-formæ¨¡å—ä¸å­˜åœ¨
2015-06-29 10:52:52 | ::1 | /cheetah_admin/index.php |imgsæ¨¡å—ä¸å­˜åœ¨
2015-06-29 10:52:52 | ::1 | /cheetah_admin/index.php |imgsæ¨¡å—ä¸å­˜åœ¨
2015-06-29 10:52:52 | ::1 | /cheetah_admin/index.php |imgsæ¨¡å—ä¸å­˜åœ¨
2015-06-29 10:52:52 | ::1 | /cheetah_admin/index.php |imgsæ¨¡å—ä¸å­˜åœ¨
2015-06-29 10:52:52 | ::1 | /cheetah_admin/index.php |order-formæ¨¡å—ä¸å­˜åœ¨
2015-06-29 10:52:52 | ::1 | /cheetah_admin/index.php |order-boss-formæ¨¡å—ä¸å­˜åœ¨
2015-06-29 10:52:52 | ::1 | /cheetah_admin/index.php |user-formæ¨¡å—ä¸å­˜åœ¨
2015-06-29 10:54:43 | ::1 | /cheetah_admin/index.php |imgsæ¨¡å—ä¸å­˜åœ¨
2015-06-29 10:54:43 | ::1 | /cheetah_admin/index.php |imgsæ¨¡å—ä¸å­˜åœ¨
2015-06-29 10:54:43 | ::1 | /cheetah_admin/index.php |imgsæ¨¡å—ä¸å­˜åœ¨
2015-06-29 10:54:43 | ::1 | /cheetah_admin/index.php |order-formæ¨¡å—ä¸å­˜åœ¨
2015-06-29 10:54:43 | ::1 | /cheetah_admin/index.php |order-boss-formæ¨¡å—ä¸å­˜åœ¨
2015-06-29 10:54:43 | ::1 | /cheetah_admin/index.php |user-formæ¨¡å—ä¸å­˜åœ¨
2015-06-29 11:07:26 | ::1 | /cheetah_admin/index.php |cheetah_admin.æ¨¡å—ä¸å­˜åœ¨
2015-06-29 11:10:56 | ::1 | /cheetah_admin/index.php |imgsæ¨¡å—ä¸å­˜åœ¨
2015-06-29 11:10:57 | ::1 | /cheetah_admin/index.php |imgsæ¨¡å—ä¸å­˜åœ¨
2015-06-29 11:10:57 | ::1 | /cheetah_admin/index.php |imgsæ¨¡å—ä¸å­˜åœ¨
2015-06-29 11:10:57 | ::1 | /cheetah_admin/index.php |imgsæ¨¡å—ä¸å­˜åœ¨
2015-06-29 11:10:57 | ::1 | /cheetah_admin/index.php |order-formæ¨¡å—ä¸å­˜åœ¨
2015-06-29 11:10:57 | ::1 | /cheetah_admin/index.php |order-boss-formæ¨¡å—ä¸å­˜åœ¨
2015-06-29 11:10:57 | ::1 | /cheetah_admin/index.php |user-formæ¨¡å—ä¸å­˜åœ¨
2015-06-29 11:11:59 | ::1 | /cheetah_admin/index.php |imgsæ¨¡å—ä¸å­˜åœ¨
2015-06-29 11:11:59 | ::1 | /cheetah_admin/index.php |imgsæ¨¡å—ä¸å­˜åœ¨
2015-06-29 11:11:59 | ::1 | /cheetah_admin/index.php |imgsæ¨¡å—ä¸å­˜åœ¨
2015-06-29 11:11:59 | ::1 | /cheetah_admin/index.php |imgsæ¨¡å—ä¸å­˜åœ¨
2015-06-29 11:11:59 | ::1 | /cheetah_admin/index.php |order-formæ¨¡å—ä¸å­˜åœ¨
2015-06-29 11:11:59 | ::1 | /cheetah_admin/index.php |order-boss-formæ¨¡å—ä¸å­˜åœ¨
2015-06-29 11:11:59 | ::1 | /cheetah_admin/index.php |user-formæ¨¡å—ä¸å­˜åœ¨
2015-06-29 14:59:16 | ::1 | /cheetah_admin/index.php |imgsæ¨¡å—ä¸å­˜åœ¨
2015-06-29 14:59:16 | ::1 | /cheetah_admin/index.php |imgsæ¨¡å—ä¸å­˜åœ¨
2015-06-29 14:59:16 | ::1 | /cheetah_admin/index.php |imgsæ¨¡å—ä¸å­˜åœ¨
2015-06-29 14:59:16 | ::1 | /cheetah_admin/index.php |imgsæ¨¡å—ä¸å­˜åœ¨
2015-06-29 14:59:16 | ::1 | /cheetah_admin/index.php |order-boss-formæ¨¡å—ä¸å­˜åœ¨
2015-06-29 14:59:16 | ::1 | /cheetah_admin/index.php |order-formæ¨¡å—ä¸å­˜åœ¨
2015-06-29 14:59:16 | ::1 | /cheetah_admin/index.php |user-formæ¨¡å—ä¸å­˜åœ¨
2015-06-29 14:59:31 | ::1 | /cheetah_admin/index.php |imgsæ¨¡å—ä¸å­˜åœ¨
2015-06-29 14:59:31 | ::1 | /cheetah_admin/index.php |imgsæ¨¡å—ä¸å­˜åœ¨
2015-06-29 14:59:31 | ::1 | /cheetah_admin/index.php |imgsæ¨¡å—ä¸å­˜åœ¨
2015-06-29 14:59:31 | ::1 | /cheetah_admin/index.php |imgsæ¨¡å—ä¸å­˜åœ¨
2015-06-29 14:59:31 | ::1 | /cheetah_admin/index.php |order-formæ¨¡å—ä¸å­˜åœ¨
2015-06-29 14:59:31 | ::1 | /cheetah_admin/index.php |order-boss-formæ¨¡å—ä¸å­˜åœ¨
2015-06-29 14:59:31 | ::1 | /cheetah_admin/index.php |user-formæ¨¡å—ä¸å­˜åœ¨
2015-06-29 15:00:38 | ::1 | /cheetah_admin/index.php |imgsæ¨¡å—ä¸å­˜åœ¨
2015-06-29 15:00:38 | ::1 | /cheetah_admin/index.php |imgsæ¨¡å—ä¸å­˜åœ¨
2015-06-29 15:00:39 | ::1 | /cheetah_admin/index.php |imgsæ¨¡å—ä¸å­˜åœ¨
2015-06-29 15:00:39 | ::1 | /cheetah_admin/index.php |imgsæ¨¡å—ä¸å­˜åœ¨
2015-06-29 15:00:39 | ::1 | /cheetah_admin/index.php |order-formæ¨¡å—ä¸å­˜åœ¨
2015-06-29 15:00:39 | ::1 | /cheetah_admin/index.php |order-boss-formæ¨¡å—ä¸å­˜åœ¨
2015-06-29 15:00:39 | ::1 | /cheetah_admin/index.php |user-formæ¨¡å—ä¸å­˜åœ¨
2015-06-29 15:01:20 | ::1 | /cheetah_admin/index.php |imgsæ¨¡å—ä¸å­˜åœ¨
2015-06-29 15:01:20 | ::1 | /cheetah_admin/index.php |imgsæ¨¡å—ä¸å­˜åœ¨
2015-06-29 15:01:21 | ::1 | /cheetah_admin/index.php |imgsæ¨¡å—ä¸å­˜åœ¨
2015-06-29 15:01:21 | ::1 | /cheetah_admin/index.php |imgsæ¨¡å—ä¸å­˜åœ¨
2015-06-29 15:01:21 | ::1 | /cheetah_admin/index.php |order-formæ¨¡å—ä¸å­˜åœ¨
2015-06-29 15:01:21 | ::1 | /cheetah_admin/index.php |order-boss-formæ¨¡å—ä¸å­˜åœ¨
2015-06-29 15:01:21 | ::1 | /cheetah_admin/index.php |user-formæ¨¡å—ä¸å­˜åœ¨
2015-06-29 15:02:39 | ::1 | /cheetah_admin/index.php |imgsæ¨¡å—ä¸å­˜åœ¨
2015-06-29 15:02:39 | ::1 | /cheetah_admin/index.php |imgsæ¨¡å—ä¸å­˜åœ¨
2015-06-29 15:02:39 | ::1 | /cheetah_admin/index.php |order-formæ¨¡å—ä¸å­˜åœ¨
2015-06-29 15:02:39 | ::1 | /cheetah_admin/index.php |order-boss-formæ¨¡å—ä¸å­˜åœ¨
2015-06-29 15:02:39 | ::1 | /cheetah_admin/index.php |user-formæ¨¡å—ä¸å­˜åœ¨
2015-06-29 15:04:12 | ::1 | /cheetah_admin/index.php |imgsæ¨¡å—ä¸å­˜åœ¨
2015-06-29 15:04:13 | ::1 | /cheetah_admin/index.php |imgsæ¨¡å—ä¸å­˜åœ¨
2015-06-29 15:04:13 | ::1 | /cheetah_admin/index.php |order-boss-formæ¨¡å—ä¸å­˜åœ¨
2015-06-29 15:04:13 | ::1 | /cheetah_admin/index.php |order-formæ¨¡å—ä¸å­˜åœ¨
2015-06-29 15:04:13 | ::1 | /cheetah_admin/index.php |user-formæ¨¡å—ä¸å­˜åœ¨
2015-06-29 15:05:05 | ::1 | /cheetah_admin/index.php |imgsæ¨¡å—ä¸å­˜åœ¨
2015-06-29 15:05:06 | ::1 | /cheetah_admin/index.php |imgsæ¨¡å—ä¸å­˜åœ¨
2015-06-29 15:05:06 | ::1 | /cheetah_admin/index.php |order-formæ¨¡å—ä¸å­˜åœ¨
2015-06-29 15:05:06 | ::1 | /cheetah_admin/index.php |order-boss-formæ¨¡å—ä¸å­˜åœ¨
2015-06-29 15:05:06 | ::1 | /cheetah_admin/index.php |user-formæ¨¡å—ä¸å­˜åœ¨
2015-06-29 15:05:58 | ::1 | /cheetah_admin/index.php |imgsæ¨¡å—ä¸å­˜åœ¨
2015-06-29 15:05:59 | ::1 | /cheetah_admin/index.php |imgsæ¨¡å—ä¸å­˜åœ¨
2015-06-29 15:05:59 | ::1 | /cheetah_admin/index.php |order-formæ¨¡å—ä¸å­˜åœ¨
2015-06-29 15:05:59 | ::1 | /cheetah_admin/index.php |order-boss-formæ¨¡å—ä¸å­˜åœ¨
2015-06-29 15:05:59 | ::1 | /cheetah_admin/index.php |user-formæ¨¡å—ä¸å­˜åœ¨
2015-06-29 15:23:07 | ::1 | /cheetah_admin/index.php |imgsæ¨¡å—ä¸å­˜åœ¨
2015-06-29 15:23:08 | ::1 | /cheetah_admin/index.php |imgsæ¨¡å—ä¸å­˜åœ¨
2015-06-29 15:23:08 | ::1 | /cheetah_admin/index.php |order-formæ¨¡å—ä¸å­˜åœ¨
2015-06-29 15:23:08 | ::1 | /cheetah_admin/index.php |order-boss-formæ¨¡å—ä¸å­˜åœ¨
2015-06-29 15:23:08 | ::1 | /cheetah_admin/index.php | MySQL Query Error<br>
					<b>SQL</b>: SELECT a_id, sell_name FROM `goods`  WHERE  `power` = '1' <br>
					<b>é”™è¯¯è¯¦æƒ…</b>: Unknown column 'sell_name' in 'field list'<br>
					<b>é”™è¯¯ä»£ç </b>:1054<br>
2015-06-29 15:23:08 | ::1 | /cheetah_admin/index.php |user-formæ¨¡å—ä¸å­˜åœ¨
2015-06-29 15:24:59 | ::1 | /cheetah_admin/index.php | MySQL Query Error<br>
					<b>SQL</b>: SELECT a_id, sell_name FROM `goods`  WHERE  `power` = '1' <br>
					<b>é”™è¯¯è¯¦æƒ…</b>: Unknown column 'sell_name' in 'field list'<br>
					<b>é”™è¯¯ä»£ç </b>:1054<br>
2015-06-29 15:25:16 | ::1 | /cheetah_admin/index.php | MySQL Query Error<br>
					<b>SQL</b>: SELECT a_id, sell_name FROM   WHERE  `power` = '1' <br>
					<b>é”™è¯¯è¯¦æƒ…</b>: You have an error in your SQL syntax; check the manual that corresponds to your MySQL server version for the right syntax to use near 'WHERE  `power` = '1'' at line 1<br>
					<b>é”™è¯¯ä»£ç </b>:1064<br>
2015-06-29 15:25:46 | ::1 | /cheetah_admin/index.php |imgsæ¨¡å—ä¸å­˜åœ¨
2015-06-29 15:25:48 | ::1 | /cheetah_admin/index.php |imgsæ¨¡å—ä¸å­˜åœ¨
2015-06-29 15:25:48 | ::1 | /cheetah_admin/index.php |order-formæ¨¡å—ä¸å­˜åœ¨
2015-06-29 15:25:48 | ::1 | /cheetah_admin/index.php |order-boss-formæ¨¡å—ä¸å­˜åœ¨
2015-06-29 15:25:48 | ::1 | /cheetah_admin/index.php |user-formæ¨¡å—ä¸å­˜åœ¨
2015-06-29 15:51:34 | ::1 | /cheetah_admin/index.php |imgsæ¨¡å—ä¸å­˜åœ¨
2015-06-29 15:51:35 | ::1 | /cheetah_admin/index.php |imgsæ¨¡å—ä¸å­˜åœ¨
2015-06-29 15:51:35 | ::1 | /cheetah_admin/index.php |order-formæ¨¡å—ä¸å­˜åœ¨
2015-06-29 15:51:35 | ::1 | /cheetah_admin/index.php |user-formæ¨¡å—ä¸å­˜åœ¨
2015-06-29 15:51:36 | ::1 | /cheetah_admin/index.php |cssæ¨¡å—ä¸å­˜åœ¨
2015-06-29 15:51:37 | ::1 | /cheetah_admin/index.php |cssæ¨¡å—ä¸å­˜åœ¨
2015-06-29 15:55:08 | ::1 | /cheetah_admin/index.php |imgsæ¨¡å—ä¸å­˜åœ¨
2015-06-29 15:55:08 | ::1 | /cheetah_admin/index.php |order-formæ¨¡å—ä¸å­˜åœ¨
2015-06-29 15:55:09 | ::1 | /cheetah_admin/index.php |cssæ¨¡å—ä¸å­˜åœ¨
2015-06-29 16:41:27 | ::1 | /cheetah_admin/index.php |imgsæ¨¡å—ä¸å­˜åœ¨
2015-06-29 16:41:27 | ::1 | /cheetah_admin/index.php |order-formæ¨¡å—ä¸å­˜åœ¨
2015-06-29 16:41:27 | ::1 | /cheetah_admin/index.php | MySQL Query Error<br>
					<b>SQL</b>: SELECT o_id, addr, phone, created, s_name, detail, pay_type, status, send_id, send_name FROM `order`  WHERE  `a_id` = '2' <br>
					<b>é”™è¯¯è¯¦æƒ…</b>: Unknown column 'a_id' in 'where clause'<br>
					<b>é”™è¯¯ä»£ç </b>:1054<br>
2015-06-29 16:41:27 | ::1 | /cheetah_admin/index.php |user-formæ¨¡å—ä¸å­˜åœ¨
2015-06-29 17:13:42 | ::1 | /cheetah_admin/index.php |imgsæ¨¡å—ä¸å­˜åœ¨
2015-06-29 17:13:42 | ::1 | /cheetah_admin/index.php |imgsæ¨¡å—ä¸å­˜åœ¨
2015-06-29 17:13:42 | ::1 | /cheetah_admin/index.php |order-formæ¨¡å—ä¸å­˜åœ¨
2015-06-29 17:13:42 | ::1 | /cheetah_admin/index.php |user-formæ¨¡å—ä¸å­˜åœ¨
2015-06-29 17:13:42 | ::1 | /cheetah_admin/index.php |cssæ¨¡å—ä¸å­˜åœ¨
2015-06-29 17:13:42 | ::1 | /cheetah_admin/index.php |cssæ¨¡å—ä¸å­˜åœ¨
2015-06-29 17:13:43 | ::1 | /cheetah_admin/index.php |cssæ¨¡å—ä¸å­˜åœ¨
2015-06-29 17:13:43 | ::1 | /cheetah_admin/index.php |cssæ¨¡å—ä¸å­˜åœ¨
2015-06-29 17:13:43 | ::1 | /cheetah_admin/index.php |cssæ¨¡å—ä¸å­˜åœ¨
2015-06-29 17:13:43 | ::1 | /cheetah_admin/index.php |cssæ¨¡å—ä¸å­˜åœ¨
2015-06-29 17:15:12 | ::1 | /cheetah_admin/index.php |cssæ¨¡å—ä¸å­˜åœ¨
2015-06-29 17:15:12 | ::1 | /cheetah_admin/index.php |cssæ¨¡å—ä¸å­˜åœ¨
2015-06-29 17:15:12 | ::1 | /cheetah_admin/index.php |cssæ¨¡å—ä¸å­˜åœ¨
2015-06-29 17:15:13 | ::1 | /cheetah_admin/index.php |cssæ¨¡å—ä¸å­˜åœ¨
2015-06-29 17:15:13 | ::1 | /cheetah_admin/index.php |cssæ¨¡å—ä¸å­˜åœ¨
2015-06-29 19:18:28 | ::1 | /cheetah_admin/index.php |imgsæ¨¡å—ä¸å­˜åœ¨
2015-06-29 19:18:28 | ::1 | /cheetah_admin/index.php |imgsæ¨¡å—ä¸å­˜åœ¨
2015-06-29 19:18:28 | ::1 | /cheetah_admin/index.php |order-formæ¨¡å—ä¸å­˜åœ¨
2015-06-29 19:18:28 | ::1 | /cheetah_admin/index.php |user-formæ¨¡å—ä¸å­˜åœ¨
2015-06-29 19:18:29 | ::1 | /cheetah_admin/index.php |cssæ¨¡å—ä¸å­˜åœ¨
2015-06-29 19:18:29 | ::1 | /cheetah_admin/index.php |cssæ¨¡å—ä¸å­˜åœ¨
2015-06-29 19:18:29 | ::1 | /cheetah_admin/index.php |cssæ¨¡å—ä¸å­˜åœ¨
2015-06-29 19:18:29 | ::1 | /cheetah_admin/index.php |cssæ¨¡å—ä¸å­˜åœ¨
2015-06-29 19:18:30 | ::1 | /cheetah_admin/index.php |cssæ¨¡å—ä¸å­˜åœ¨
2015-06-29 19:18:31 | ::1 | /cheetah_admin/index.php |imgsæ¨¡å—ä¸å­˜åœ¨
2015-06-29 19:18:31 | ::1 | /cheetah_admin/index.php |imgsæ¨¡å—ä¸å­˜åœ¨
2015-06-29 19:18:31 | ::1 | /cheetah_admin/index.php |order-formæ¨¡å—ä¸å­˜åœ¨
2015-06-29 19:18:31 | ::1 | /cheetah_admin/index.php |user-formæ¨¡å—ä¸å­˜åœ¨
2015-06-29 19:18:31 | ::1 | /cheetah_admin/index.php |cssæ¨¡å—ä¸å­˜åœ¨
2015-06-29 19:18:32 | ::1 | /cheetah_admin/index.php |cssæ¨¡å—ä¸å­˜åœ¨
2015-06-29 19:18:32 | ::1 | /cheetah_admin/index.php |cssæ¨¡å—ä¸å­˜åœ¨
2015-06-29 19:18:32 | ::1 | /cheetah_admin/index.php |cssæ¨¡å—ä¸å­˜åœ¨
2015-06-29 19:18:32 | ::1 | /cheetah_admin/index.php |cssæ¨¡å—ä¸å­˜åœ¨
2015-06-29 19:18:36 | ::1 | /cheetah_admin/index.php |cssæ¨¡å—ä¸å­˜åœ¨
2015-06-29 19:18:36 | ::1 | /cheetah_admin/index.php |cssæ¨¡å—ä¸å­˜åœ¨
2015-06-29 19:18:36 | ::1 | /cheetah_admin/index.php |cssæ¨¡å—ä¸å­˜åœ¨
2015-06-29 19:18:36 | ::1 | /cheetah_admin/index.php |cssæ¨¡å—ä¸å­˜åœ¨
2015-06-29 19:18:37 | ::1 | /cheetah_admin/index.php |cssæ¨¡å—ä¸å­˜åœ¨
2015-06-29 19:19:00 | ::1 | /cheetah_admin/index.php |cssæ¨¡å—ä¸å­˜åœ¨
2015-06-29 19:19:01 | ::1 | /cheetah_admin/index.php |cssæ¨¡å—ä¸å­˜åœ¨
2015-06-29 19:25:04 | ::1 | /cheetah_admin/index.php |cssæ¨¡å—ä¸å­˜åœ¨
2015-06-29 19:25:04 | ::1 | /cheetah_admin/index.php |cssæ¨¡å—ä¸å­˜åœ¨
2015-06-29 19:30:18 | ::1 | /cheetah_admin/index.php |cssæ¨¡å—ä¸å­˜åœ¨
2015-06-29 19:30:18 | ::1 | /cheetah_admin/index.php |cssæ¨¡å—ä¸å­˜åœ¨
2015-06-29 19:30:28 | ::1 | /cheetah_admin/index.php |cssæ¨¡å—ä¸å­˜åœ¨
2015-06-29 19:30:29 | ::1 | /cheetah_admin/index.php |cssæ¨¡å—ä¸å­˜åœ¨
2015-06-29 19:31:02 | ::1 | /cheetah_admin/index.php |cssæ¨¡å—ä¸å­˜åœ¨
2015-06-29 19:31:02 | ::1 | /cheetah_admin/index.php |cssæ¨¡å—ä¸å­˜åœ¨
2015-06-29 19:31:36 | ::1 | /cheetah_admin/index.php |cssæ¨¡å—ä¸å­˜åœ¨
2015-06-29 19:31:36 | ::1 | /cheetah_admin/index.php |cssæ¨¡å—ä¸å­˜åœ¨
2015-06-29 19:32:01 | ::1 | /cheetah_admin/index.php |cssæ¨¡å—ä¸å­˜åœ¨
2015-06-29 19:32:01 | ::1 | /cheetah_admin/index.php |cssæ¨¡å—ä¸å­˜åœ¨
2015-06-29 19:32:49 | ::1 | /cheetah_admin/index.php |cssæ¨¡å—ä¸å­˜åœ¨
2015-06-29 19:32:49 | ::1 | /cheetah_admin/index.php |cssæ¨¡å—ä¸å­˜åœ¨
2015-06-29 19:33:12 | ::1 | /cheetah_admin/index.php |cssæ¨¡å—ä¸å­˜åœ¨
2015-06-29 19:33:12 | ::1 | /cheetah_admin/index.php |cssæ¨¡å—ä¸å­˜åœ¨
2015-06-29 19:33:58 | ::1 | /cheetah_admin/index.php |cssæ¨¡å—ä¸å­˜åœ¨
2015-06-29 19:33:58 | ::1 | /cheetah_admin/index.php |cssæ¨¡å—ä¸å­˜åœ¨
2015-06-29 19:34:17 | ::1 | /cheetah_admin/index.php |cssæ¨¡å—ä¸å­˜åœ¨
2015-06-29 19:34:17 | ::1 | /cheetah_admin/index.php |cssæ¨¡å—ä¸å­˜åœ¨
2015-06-29 19:36:46 | ::1 | /cheetah_admin/index.php |cssæ¨¡å—ä¸å­˜åœ¨
2015-06-29 19:36:46 | ::1 | /cheetah_admin/index.php |cssæ¨¡å—ä¸å­˜åœ¨
2015-06-29 19:37:30 | ::1 | /cheetah_admin/index.php |cssæ¨¡å—ä¸å­˜åœ¨
2015-06-29 19:37:31 | ::1 | /cheetah_admin/index.php |cssæ¨¡å—ä¸å­˜åœ¨
2015-06-29 19:40:38 | ::1 | /cheetah_admin/index.php |cssæ¨¡å—ä¸å­˜åœ¨
2015-06-29 19:40:38 | ::1 | /cheetah_admin/index.php |cssæ¨¡å—ä¸å­˜åœ¨
2015-06-29 19:41:18 | ::1 | /cheetah_admin/index.php |cssæ¨¡å—ä¸å­˜åœ¨
2015-06-29 19:41:18 | ::1 | /cheetah_admin/index.php |cssæ¨¡å—ä¸å­˜åœ¨
2015-06-29 19:44:15 | ::1 | /cheetah_admin/index.php |cssæ¨¡å—ä¸å­˜åœ¨
2015-06-29 19:44:15 | ::1 | /cheetah_admin/index.php |cssæ¨¡å—ä¸å­˜åœ¨
2015-06-29 19:44:17 | ::1 | /cheetah_admin/index.php |cssæ¨¡å—ä¸å­˜åœ¨
2015-06-29 19:44:17 | ::1 | /cheetah_admin/index.php |cssæ¨¡å—ä¸å­˜åœ¨
2015-06-29 19:44:57 | ::1 | /cheetah_admin/index.php |cssæ¨¡å—ä¸å­˜åœ¨
2015-06-29 19:44:57 | ::1 | /cheetah_admin/index.php |cssæ¨¡å—ä¸å­˜åœ¨
2015-06-29 19:45:07 | ::1 | /cheetah_admin/index.php |imgsæ¨¡å—ä¸å­˜åœ¨
2015-06-29 19:45:07 | ::1 | /cheetah_admin/index.php |imgsæ¨¡å—ä¸å­˜åœ¨
2015-06-29 19:45:07 | ::1 | /cheetah_admin/index.php |order-formæ¨¡å—ä¸å­˜åœ¨
2015-06-29 19:45:07 | ::1 | /cheetah_admin/index.php |user-formæ¨¡å—ä¸å­˜åœ¨
2015-06-29 19:45:08 | ::1 | /cheetah_admin/index.php |cssæ¨¡å—ä¸å­˜åœ¨
2015-06-29 19:45:08 | ::1 | /cheetah_admin/index.php |cssæ¨¡å—ä¸å­˜åœ¨
2015-06-29 19:49:54 | ::1 | /cheetah_admin/index.php |cssæ¨¡å—ä¸å­˜åœ¨
2015-06-29 19:49:54 | ::1 | /cheetah_admin/index.php |cssæ¨¡å—ä¸å­˜åœ¨
2015-06-29 19:50:06 | ::1 | /cheetah_admin/index.php |cssæ¨¡å—ä¸å­˜åœ¨
2015-06-29 19:50:06 | ::1 | /cheetah_admin/index.php |cssæ¨¡å—ä¸å­˜åœ¨
2015-06-29 20:08:21 | ::1 | /cheetah_admin/index.php |imgsæ¨¡å—ä¸å­˜åœ¨
2015-06-29 20:08:22 | ::1 | /cheetah_admin/index.php |imgsæ¨¡å—ä¸å­˜åœ¨
2015-06-29 20:08:22 | ::1 | /cheetah_admin/index.php |order-formæ¨¡å—ä¸å­˜åœ¨
2015-06-29 20:08:22 | ::1 | /cheetah_admin/index.php |user-formæ¨¡å—ä¸å­˜åœ¨
2015-06-29 20:08:22 | ::1 | /cheetah_admin/index.php |cssæ¨¡å—ä¸å­˜åœ¨
2015-06-29 20:08:23 | ::1 | /cheetah_admin/index.php |cssæ¨¡å—ä¸å­˜åœ¨
2015-06-29 20:12:07 | ::1 | /cheetah_admin/index.php |imgsæ¨¡å—ä¸å­˜åœ¨
2015-06-29 20:12:08 | ::1 | /cheetah_admin/index.php |imgsæ¨¡å—ä¸å­˜åœ¨
2015-06-29 20:12:08 | ::1 | /cheetah_admin/index.php |order-formæ¨¡å—ä¸å­˜åœ¨
2015-06-29 20:12:08 | ::1 | /cheetah_admin/index.php |user-formæ¨¡å—ä¸å­˜åœ¨
2015-06-29 20:12:08 | ::1 | /cheetah_admin/index.php |cssæ¨¡å—ä¸å­˜åœ¨
2015-06-29 20:12:08 | ::1 | /cheetah_admin/index.php |cssæ¨¡å—ä¸å­˜åœ¨
