2015-06-28 19:22:27 | ::1 | /cheetah_admin/index.php |imgs模块不存在
2015-06-28 19:22:27 | ::1 | /cheetah_admin/index.php |imgs模块不存在
2015-06-28 19:22:27 | ::1 | /cheetah_admin/index.php |imgs模块不存在
2015-06-28 19:22:27 | ::1 | /cheetah_admin/index.php |order-boss-form模块不存在
2015-06-28 19:22:27 | ::1 | /cheetah_admin/index.php |order-form模块不存在
2015-06-28 19:22:27 | ::1 | /cheetah_admin/index.php |user-form模块不存在
2015-06-28 19:23:19 | ::1 | /cheetah_admin/index.php |imgs模块不存在
2015-06-28 19:23:19 | ::1 | /cheetah_admin/index.php |imgs模块不存在
2015-06-28 19:23:19 | ::1 | /cheetah_admin/index.php |imgs模块不存在
2015-06-28 19:23:19 | ::1 | /cheetah_admin/index.php |imgs模块不存在
2015-06-28 19:23:19 | ::1 | /cheetah_admin/index.php |order-form模块不存在
2015-06-28 19:23:19 | ::1 | /cheetah_admin/index.php |order-boss-form模块不存在
2015-06-28 19:23:19 | ::1 | /cheetah_admin/index.php |user-form模块不存在
2015-06-28 19:23:42 | ::1 | /cheetah_admin/index.php |imgs模块不存在
2015-06-28 19:23:42 | ::1 | /cheetah_admin/index.php |imgs模块不存在
2015-06-28 19:23:42 | ::1 | /cheetah_admin/index.php |imgs模块不存在
2015-06-28 19:23:42 | ::1 | /cheetah_admin/index.php |imgs模块不存在
2015-06-28 19:23:42 | ::1 | /cheetah_admin/index.php |order-form模块不存在
2015-06-28 19:23:42 | ::1 | /cheetah_admin/index.php |order-boss-form模块不存在
2015-06-28 19:23:42 | ::1 | /cheetah_admin/index.php |user-form模块不存在
2015-06-28 19:57:11 | ::1 | /cheetah_admin/index.php | MySQL Query Error<br>
					<b>SQL</b>: SELECT g_name, price, point, pic FROM `school`  WHERE  `a_id` = '1' AND  `s_id` = '-1' <br>
					<b>错误详情</b>: Unknown column 'g_name' in 'field list'<br>
					<b>错误代码</b>:1054<br>
2015-06-28 19:58:01 | ::1 | /cheetah_admin/index.php | MySQL Query Error<br>
					<b>SQL</b>: SELECT g_name, price, point, pic FROM   WHERE  `a_id` = '1' AND  `s_id` = '-1' <br>
					<b>错误详情</b>: You have an error in your SQL syntax; check the manual that corresponds to your MySQL server version for the right syntax to use near 'WHERE  `a_id` = '1' AND  `s_id` = '-1'' at line 1<br>
					<b>错误代码</b>:1064<br>
2015-06-28 20:15:12 | ::1 | /cheetah_admin/index.php |imgs模块不存在
2015-06-28 20:15:12 | ::1 | /cheetah_admin/index.php |imgs模块不存在
2015-06-28 20:15:13 | ::1 | /cheetah_admin/index.php |imgs模块不存在
2015-06-28 20:15:13 | ::1 | /cheetah_admin/index.php |imgs模块不存在
2015-06-28 20:15:13 | ::1 | /cheetah_admin/index.php |order-form模块不存在
2015-06-28 20:15:13 | ::1 | /cheetah_admin/index.php |user-form模块不存在
2015-06-28 20:15:13 | ::1 | /cheetah_admin/index.php |order-boss-form模块不存在
2015-06-28 22:41:58 | ::1 | /cheetah_admin/index.php |imgs模块不存在
2015-06-28 22:41:58 | ::1 | /cheetah_admin/index.php |imgs模块不存在
2015-06-28 22:42:08 | ::1 | /cheetah_admin/index.php |imgs模块不存在
2015-06-28 22:42:08 | ::1 | /cheetah_admin/index.php |imgs模块不存在
2015-06-28 22:42:08 | ::1 | /cheetah_admin/index.php |order-form模块不存在
2015-06-28 22:42:08 | ::1 | /cheetah_admin/index.php |order-boss-form模块不存在
2015-06-28 22:42:08 | ::1 | /cheetah_admin/index.php |user-form模块不存在
2015-06-28 22:42:34 | ::1 | /cheetah_admin/index.php |imgs模块不存在
2015-06-28 22:42:34 | ::1 | /cheetah_admin/index.php |imgs模块不存在
2015-06-28 22:42:35 | ::1 | /cheetah_admin/index.php |imgs模块不存在
2015-06-28 22:42:35 | ::1 | /cheetah_admin/index.php |imgs模块不存在
2015-06-28 22:42:35 | ::1 | /cheetah_admin/index.php |order-form模块不存在
2015-06-28 22:42:35 | ::1 | /cheetah_admin/index.php |order-boss-form模块不存在
2015-06-28 22:42:35 | ::1 | /cheetah_admin/index.php |user-form模块不存在
2015-06-28 22:43:02 | ::1 | /cheetah_admin/index.php |imgs模块不存在
2015-06-28 22:43:02 | ::1 | /cheetah_admin/index.php |imgs模块不存在
2015-06-28 22:43:03 | ::1 | /cheetah_admin/index.php |imgs模块不存在
2015-06-28 22:43:03 | ::1 | /cheetah_admin/index.php |imgs模块不存在
2015-06-28 22:43:03 | ::1 | /cheetah_admin/index.php |order-form模块不存在
2015-06-28 22:43:03 | ::1 | /cheetah_admin/index.php |order-boss-form模块不存在
2015-06-28 22:43:03 | ::1 | /cheetah_admin/index.php |user-form模块不存在
2015-06-28 22:43:05 | ::1 | /cheetah_admin/index.php |handleBrand模块不存在
2015-06-28 22:43:12 | ::1 | /cheetah_admin/index.php |handleBrand模块不存在
2015-06-28 22:43:51 | ::1 | /cheetah_admin/index.php |imgs模块不存在
2015-06-28 22:43:51 | ::1 | /cheetah_admin/index.php |imgs模块不存在
2015-06-28 22:43:52 | ::1 | /cheetah_admin/index.php |imgs模块不存在
2015-06-28 22:43:52 | ::1 | /cheetah_admin/index.php |imgs模块不存在
2015-06-28 22:43:52 | ::1 | /cheetah_admin/index.php |order-form模块不存在
2015-06-28 22:43:52 | ::1 | /cheetah_admin/index.php |order-boss-form模块不存在
2015-06-28 22:43:52 | ::1 | /cheetah_admin/index.php |user-form模块不存在
2015-06-28 22:44:24 | ::1 | /cheetah_admin/index.php |imgs模块不存在
2015-06-28 22:44:24 | ::1 | /cheetah_admin/index.php |imgs模块不存在
2015-06-28 22:44:24 | ::1 | /cheetah_admin/index.php |imgs模块不存在
2015-06-28 22:44:24 | ::1 | /cheetah_admin/index.php |imgs模块不存在
2015-06-28 22:44:24 | ::1 | /cheetah_admin/index.php |order-form模块不存在
2015-06-28 22:44:24 | ::1 | /cheetah_admin/index.php |order-boss-form模块不存在
2015-06-28 22:44:25 | ::1 | /cheetah_admin/index.php |user-form模块不存在
2015-06-28 22:50:22 | ::1 | /cheetah_admin/index.php |imgs模块不存在
2015-06-28 22:50:22 | ::1 | /cheetah_admin/index.php |imgs模块不存在
2015-06-28 22:50:24 | ::1 | /cheetah_admin/index.php |imgs模块不存在
2015-06-28 22:50:24 | ::1 | /cheetah_admin/index.php |imgs模块不存在
2015-06-28 22:50:24 | ::1 | /cheetah_admin/index.php |order-form模块不存在
2015-06-28 22:50:24 | ::1 | /cheetah_admin/index.php |order-boss-form模块不存在
2015-06-28 22:50:24 | ::1 | /cheetah_admin/index.php |user-form模块不存在
2015-06-28 22:54:31 | ::1 | /cheetah_admin/index.php |imgs模块不存在
2015-06-28 22:54:31 | ::1 | /cheetah_admin/index.php |imgs模块不存在
2015-06-28 22:54:32 | ::1 | /cheetah_admin/index.php |imgs模块不存在
2015-06-28 22:54:32 | ::1 | /cheetah_admin/index.php |imgs模块不存在
2015-06-28 22:54:32 | ::1 | /cheetah_admin/index.php |order-form模块不存在
2015-06-28 22:54:32 | ::1 | /cheetah_admin/index.php |order-boss-form模块不存在
2015-06-28 22:54:32 | ::1 | /cheetah_admin/index.php |user-form模块不存在
2015-06-28 22:55:17 | ::1 | /cheetah_admin/index.php |imgs模块不存在
2015-06-28 22:55:17 | ::1 | /cheetah_admin/index.php |imgs模块不存在
2015-06-28 22:55:18 | ::1 | /cheetah_admin/index.php |imgs模块不存在
2015-06-28 22:55:18 | ::1 | /cheetah_admin/index.php |imgs模块不存在
2015-06-28 22:55:18 | ::1 | /cheetah_admin/index.php |order-form模块不存在
2015-06-28 22:55:18 | ::1 | /cheetah_admin/index.php |order-boss-form模块不存在
2015-06-28 22:55:18 | ::1 | /cheetah_admin/index.php |user-form模块不存在
2015-06-28 23:05:02 | ::1 | /cheetah_admin/index.php |imgs模块不存在
2015-06-28 23:05:02 | ::1 | /cheetah_admin/index.php |imgs模块不存在
2015-06-28 23:05:03 | ::1 | /cheetah_admin/index.php |imgs模块不存在
2015-06-28 23:05:03 | ::1 | /cheetah_admin/index.php |imgs模块不存在
2015-06-28 23:05:03 | ::1 | /cheetah_admin/index.php |order-form模块不存在
2015-06-28 23:05:03 | ::1 | /cheetah_admin/index.php |order-boss-form模块不存在
2015-06-28 23:05:03 | ::1 | /cheetah_admin/index.php |user-form模块不存在
2015-06-28 23:06:33 | ::1 | /cheetah_admin/index.php |imgs模块不存在
2015-06-28 23:06:33 | ::1 | /cheetah_admin/index.php |imgs模块不存在
2015-06-28 23:06:36 | ::1 | /cheetah_admin/index.php |imgs模块不存在
2015-06-28 23:06:36 | ::1 | /cheetah_admin/index.php |imgs模块不存在
2015-06-28 23:06:36 | ::1 | /cheetah_admin/index.php |order-boss-form模块不存在
2015-06-28 23:06:36 | ::1 | /cheetah_admin/index.php |order-form模块不存在
2015-06-28 23:06:36 | ::1 | /cheetah_admin/index.php |user-form模块不存在
2015-06-28 23:17:00 | ::1 | /cheetah_admin/index.php |imgs模块不存在
2015-06-28 23:17:00 | ::1 | /cheetah_admin/index.php |imgs模块不存在
2015-06-28 23:17:01 | ::1 | /cheetah_admin/index.php |imgs模块不存在
2015-06-28 23:17:01 | ::1 | /cheetah_admin/index.php |order-form模块不存在
2015-06-28 23:17:01 | ::1 | /cheetah_admin/index.php |order-boss-form模块不存在
2015-06-28 23:59:49 | ::1 | /cheetah_admin/index.php |imgs模块不存在
2015-06-28 23:59:49 | ::1 | /cheetah_admin/index.php |imgs模块不存在
